The system is: Linux - 4.15.0-46-generic - x86_64
Compiling the C compiler identification source file "CMakeCCompilerId.c" succeeded.
Compiler: /usr/bin/cc 
Build flags: 
Id flags: 

The output was:
0


Compilation of the C compiler identification source "CMakeCCompilerId.c" produced "a.out"

The C compiler identification is GNU, found in "/home/droid/Downloads/833fp/eigen-eigen-323c052e1731/build/CMakeFiles/3.5.1/CompilerIdC/a.out"

Compiling the CXX compiler identification source file "CMakeCXXCompilerId.cpp" succeeded.
Compiler: /usr/bin/c++ 
Build flags: 
Id flags: 

The output was:
0


Compilation of the CXX compiler identification source "CMakeCXXCompilerId.cpp" produced "a.out"

The CXX compiler identification is GNU, found in "/home/droid/Downloads/833fp/eigen-eigen-323c052e1731/build/CMakeFiles/3.5.1/CompilerIdCXX/a.out"

Determining if the C compiler works passed with the following output:
Change Dir: /home/droid/Downloads/833fp/eigen-eigen-323c052e1731/build/CMakeFiles/CMakeTmp

Run Build Command:"/usr/bin/make" "cmTC_be82f/fast"
/usr/bin/make -f CMakeFiles/cmTC_be82f.dir/build.make CMakeFiles/cmTC_be82f.dir/build
make[1]: Entering directory '/home/droid/Downloads/833fp/eigen-eigen-323c052e1731/build/CMakeFiles/CMakeTmp'
Building C object CMakeFiles/cmTC_be82f.dir/testCCompiler.c.o
/usr/bin/cc     -o CMakeFiles/cmTC_be82f.dir/testCCompiler.c.o   -c /home/droid/Downloads/833fp/eigen-eigen-323c052e1731/build/CMakeFiles/CMakeTmp/testCCompiler.c
Linking C executable cmTC_be82f
/usr/bin/cmake -E cmake_link_script CMakeFiles/cmTC_be82f.dir/link.txt --verbose=1
/usr/bin/cc       CMakeFiles/cmTC_be82f.dir/testCCompiler.c.o  -o cmTC_be82f -rdynamic 
make[1]: Leaving directory '/home/droid/Downloads/833fp/eigen-eigen-323c052e1731/build/CMakeFiles/CMakeTmp'


Detecting C compiler ABI info compiled with the following output:
Change Dir: /home/droid/Downloads/833fp/eigen-eigen-323c052e1731/build/CMakeFiles/CMakeTmp

Run Build Command:"/usr/bin/make" "cmTC_b9278/fast"
/usr/bin/make -f CMakeFiles/cmTC_b9278.dir/build.make CMakeFiles/cmTC_b9278.dir/build
make[1]: Entering directory '/home/droid/Downloads/833fp/eigen-eigen-323c052e1731/build/CMakeFiles/CMakeTmp'
Building C object CMakeFiles/cmTC_b9278.dir/CMakeCCompilerABI.c.o
/usr/bin/cc     -o CMakeFiles/cmTC_b9278.dir/CMakeCCompilerABI.c.o   -c /usr/share/cmake-3.5/Modules/CMakeCCompilerABI.c
Linking C executable cmTC_b9278
/usr/bin/cmake -E cmake_link_script CMakeFiles/cmTC_b9278.dir/link.txt --verbose=1
/usr/bin/cc      -v CMakeFiles/cmTC_b9278.dir/CMakeCCompilerABI.c.o  -o cmTC_b9278 -rdynamic  
Using built-in specs.
COLLECT_GCC=/usr/bin/cc
COLLECT_LTO_WRAPPER=/usr/lib/gcc/x86_64-linux-gnu/5/lto-wrapper
Target: x86_64-linux-gnu
Configured with: ../src/configure -v --with-pkgversion='Ubuntu 5.4.0-6ubuntu1~16.04.11' --with-bugurl=file:///usr/share/doc/gcc-5/README.Bugs --enable-languages=c,ada,c++,java,go,d,fortran,objc,obj-c++ --prefix=/usr --program-suffix=-5 --enable-shared --enable-linker-build-id --libexecdir=/usr/lib --without-included-gettext --enable-threads=posix --libdir=/usr/lib --enable-nls --with-sysroot=/ --enable-clocale=gnu --enable-libstdcxx-debug --enable-libstdcxx-time=yes --with-default-libstdcxx-abi=new --enable-gnu-unique-object --disable-vtable-verify --enable-libmpx --enable-plugin --with-system-zlib --disable-browser-plugin --enable-java-awt=gtk --enable-gtk-cairo --with-java-home=/usr/lib/jvm/java-1.5.0-gcj-5-amd64/jre --enable-java-home --with-jvm-root-dir=/usr/lib/jvm/java-1.5.0-gcj-5-amd64 --with-jvm-jar-dir=/usr/lib/jvm-exports/java-1.5.0-gcj-5-amd64 --with-arch-directory=amd64 --with-ecj-jar=/usr/share/java/eclipse-ecj.jar --enable-objc-gc --enable-multiarch --disable-werror --with-arch-32=i686 --with-abi=m64 --with-multilib-list=m32,m64,mx32 --enable-multilib --with-tune=generic --enable-checking=release --build=x86_64-linux-gnu --host=x86_64-linux-gnu --target=x86_64-linux-gnu
Thread model: posix
gcc version 5.4.0 20160609 (Ubuntu 5.4.0-6ubuntu1~16.04.11) 
COMPILER_PATH=/usr/lib/gcc/x86_64-linux-gnu/5/:/usr/lib/gcc/x86_64-linux-gnu/5/:/usr/lib/gcc/x86_64-linux-gnu/:/usr/lib/gcc/x86_64-linux-gnu/5/:/usr/lib/gcc/x86_64-linux-gnu/
LIBRARY_PATH=/usr/lib/gcc/x86_64-linux-gnu/5/:/usr/lib/gcc/x86_64-linux-gnu/5/../../../x86_64-linux-gnu/:/usr/lib/gcc/x86_64-linux-gnu/5/../../../../lib/:/lib/x86_64-linux-gnu/:/lib/../lib/:/usr/lib/x86_64-linux-gnu/:/usr/lib/../lib/:/usr/lib/gcc/x86_64-linux-gnu/5/../../../:/lib/:/usr/lib/
COLLECT_GCC_OPTIONS='-v' '-o' 'cmTC_b9278' '-rdynamic' '-mtune=generic' '-march=x86-64'
 /usr/lib/gcc/x86_64-linux-gnu/5/collect2 -plugin /usr/lib/gcc/x86_64-linux-gnu/5/liblto_plugin.so -plugin-opt=/usr/lib/gcc/x86_64-linux-gnu/5/lto-wrapper -plugin-opt=-fresolution=/tmp/ccJWd33M.res -plugin-opt=-pass-through=-lgcc -plugin-opt=-pass-through=-lgcc_s -plugin-opt=-pass-through=-lc -plugin-opt=-pass-through=-lgcc -plugin-opt=-pass-through=-lgcc_s --sysroot=/ --build-id --eh-frame-hdr -m elf_x86_64 --hash-style=gnu --as-needed -export-dynamic -dynamic-linker /lib64/ld-linux-x86-64.so.2 -z relro -o cmTC_b9278 /usr/lib/gcc/x86_64-linux-gnu/5/../../../x86_64-linux-gnu/crt1.o /usr/lib/gcc/x86_64-linux-gnu/5/../../../x86_64-linux-gnu/crti.o /usr/lib/gcc/x86_64-linux-gnu/5/crtbegin.o -L/usr/lib/gcc/x86_64-linux-gnu/5 -L/usr/lib/gcc/x86_64-linux-gnu/5/../../../x86_64-linux-gnu -L/usr/lib/gcc/x86_64-linux-gnu/5/../../../../lib -L/lib/x86_64-linux-gnu -L/lib/../lib -L/usr/lib/x86_64-linux-gnu -L/usr/lib/../lib -L/usr/lib/gcc/x86_64-linux-gnu/5/../../.. CMakeFiles/cmTC_b9278.dir/CMakeCCompilerABI.c.o -lgcc --as-needed -lgcc_s --no-as-needed -lc -lgcc --as-needed -lgcc_s --no-as-needed /usr/lib/gcc/x86_64-linux-gnu/5/crtend.o /usr/lib/gcc/x86_64-linux-gnu/5/../../../x86_64-linux-gnu/crtn.o
make[1]: Leaving directory '/home/droid/Downloads/833fp/eigen-eigen-323c052e1731/build/CMakeFiles/CMakeTmp'


Parsed C implicit link information from above output:
  link line regex: [^( *|.*[/\])(ld|([^/\]+-)?ld|collect2)[^/\]*( |$)]
  ignore line: [Change Dir: /home/droid/Downloads/833fp/eigen-eigen-323c052e1731/build/CMakeFiles/CMakeTmp]
  ignore line: []
  ignore line: [Run Build Command:"/usr/bin/make" "cmTC_b9278/fast"]
  ignore line: [/usr/bin/make -f CMakeFiles/cmTC_b9278.dir/build.make CMakeFiles/cmTC_b9278.dir/build]
  ignore line: [make[1]: Entering directory '/home/droid/Downloads/833fp/eigen-eigen-323c052e1731/build/CMakeFiles/CMakeTmp']
  ignore line: [Building C object CMakeFiles/cmTC_b9278.dir/CMakeCCompilerABI.c.o]
  ignore line: [/usr/bin/cc     -o CMakeFiles/cmTC_b9278.dir/CMakeCCompilerABI.c.o   -c /usr/share/cmake-3.5/Modules/CMakeCCompilerABI.c]
  ignore line: [Linking C executable cmTC_b9278]
  ignore line: [/usr/bin/cmake -E cmake_link_script CMakeFiles/cmTC_b9278.dir/link.txt --verbose=1]
  ignore line: [/usr/bin/cc      -v CMakeFiles/cmTC_b9278.dir/CMakeCCompilerABI.c.o  -o cmTC_b9278 -rdynamic  ]
  ignore line: [Using built-in specs.]
  ignore line: [COLLECT_GCC=/usr/bin/cc]
  ignore line: [COLLECT_LTO_WRAPPER=/usr/lib/gcc/x86_64-linux-gnu/5/lto-wrapper]
  ignore line: [Target: x86_64-linux-gnu]
  ignore line: [Configured with: ../src/configure -v --with-pkgversion='Ubuntu 5.4.0-6ubuntu1~16.04.11' --with-bugurl=file:///usr/share/doc/gcc-5/README.Bugs --enable-languages=c,ada,c++,java,go,d,fortran,objc,obj-c++ --prefix=/usr --program-suffix=-5 --enable-shared --enable-linker-build-id --libexecdir=/usr/lib --without-included-gettext --enable-threads=posix --libdir=/usr/lib --enable-nls --with-sysroot=/ --enable-clocale=gnu --enable-libstdcxx-debug --enable-libstdcxx-time=yes --with-default-libstdcxx-abi=new --enable-gnu-unique-object --disable-vtable-verify --enable-libmpx --enable-plugin --with-system-zlib --disable-browser-plugin --enable-java-awt=gtk --enable-gtk-cairo --with-java-home=/usr/lib/jvm/java-1.5.0-gcj-5-amd64/jre --enable-java-home --with-jvm-root-dir=/usr/lib/jvm/java-1.5.0-gcj-5-amd64 --with-jvm-jar-dir=/usr/lib/jvm-exports/java-1.5.0-gcj-5-amd64 --with-arch-directory=amd64 --with-ecj-jar=/usr/share/java/eclipse-ecj.jar --enable-objc-gc --enable-multiarch --disable-werror --with-arch-32=i686 --with-abi=m64 --with-multilib-list=m32,m64,mx32 --enable-multilib --with-tune=generic --enable-checking=release --build=x86_64-linux-gnu --host=x86_64-linux-gnu --target=x86_64-linux-gnu]
  ignore line: [Thread model: posix]
  ignore line: [gcc version 5.4.0 20160609 (Ubuntu 5.4.0-6ubuntu1~16.04.11) ]
  ignore line: [COMPILER_PATH=/usr/lib/gcc/x86_64-linux-gnu/5/:/usr/lib/gcc/x86_64-linux-gnu/5/:/usr/lib/gcc/x86_64-linux-gnu/:/usr/lib/gcc/x86_64-linux-gnu/5/:/usr/lib/gcc/x86_64-linux-gnu/]
  ignore line: [LIBRARY_PATH=/usr/lib/gcc/x86_64-linux-gnu/5/:/usr/lib/gcc/x86_64-linux-gnu/5/../../../x86_64-linux-gnu/:/usr/lib/gcc/x86_64-linux-gnu/5/../../../../lib/:/lib/x86_64-linux-gnu/:/lib/../lib/:/usr/lib/x86_64-linux-gnu/:/usr/lib/../lib/:/usr/lib/gcc/x86_64-linux-gnu/5/../../../:/lib/:/usr/lib/]
  ignore line: [COLLECT_GCC_OPTIONS='-v' '-o' 'cmTC_b9278' '-rdynamic' '-mtune=generic' '-march=x86-64']
  link line: [ /usr/lib/gcc/x86_64-linux-gnu/5/collect2 -plugin /usr/lib/gcc/x86_64-linux-gnu/5/liblto_plugin.so -plugin-opt=/usr/lib/gcc/x86_64-linux-gnu/5/lto-wrapper -plugin-opt=-fresolution=/tmp/ccJWd33M.res -plugin-opt=-pass-through=-lgcc -plugin-opt=-pass-through=-lgcc_s -plugin-opt=-pass-through=-lc -plugin-opt=-pass-through=-lgcc -plugin-opt=-pass-through=-lgcc_s --sysroot=/ --build-id --eh-frame-hdr -m elf_x86_64 --hash-style=gnu --as-needed -export-dynamic -dynamic-linker /lib64/ld-linux-x86-64.so.2 -z relro -o cmTC_b9278 /usr/lib/gcc/x86_64-linux-gnu/5/../../../x86_64-linux-gnu/crt1.o /usr/lib/gcc/x86_64-linux-gnu/5/../../../x86_64-linux-gnu/crti.o /usr/lib/gcc/x86_64-linux-gnu/5/crtbegin.o -L/usr/lib/gcc/x86_64-linux-gnu/5 -L/usr/lib/gcc/x86_64-linux-gnu/5/../../../x86_64-linux-gnu -L/usr/lib/gcc/x86_64-linux-gnu/5/../../../../lib -L/lib/x86_64-linux-gnu -L/lib/../lib -L/usr/lib/x86_64-linux-gnu -L/usr/lib/../lib -L/usr/lib/gcc/x86_64-linux-gnu/5/../../.. CMakeFiles/cmTC_b9278.dir/CMakeCCompilerABI.c.o -lgcc --as-needed -lgcc_s --no-as-needed -lc -lgcc --as-needed -lgcc_s --no-as-needed /usr/lib/gcc/x86_64-linux-gnu/5/crtend.o /usr/lib/gcc/x86_64-linux-gnu/5/../../../x86_64-linux-gnu/crtn.o]
    arg [/usr/lib/gcc/x86_64-linux-gnu/5/collect2] ==> ignore
    arg [-plugin] ==> ignore
    arg [/usr/lib/gcc/x86_64-linux-gnu/5/liblto_plugin.so] ==> ignore
    arg [-plugin-opt=/usr/lib/gcc/x86_64-linux-gnu/5/lto-wrapper] ==> ignore
    arg [-plugin-opt=-fresolution=/tmp/ccJWd33M.res] ==> ignore
    arg [-plugin-opt=-pass-through=-lgcc] ==> ignore
    arg [-plugin-opt=-pass-through=-lgcc_s] ==> ignore
    arg [-plugin-opt=-pass-through=-lc] ==> ignore
    arg [-plugin-opt=-pass-through=-lgcc] ==> ignore
    arg [-plugin-opt=-pass-through=-lgcc_s] ==> ignore
    arg [--sysroot=/] ==> ignore
    arg [--build-id] ==> ignore
    arg [--eh-frame-hdr] ==> ignore
    arg [-m] ==> ignore
    arg [elf_x86_64] ==> ignore
    arg [--hash-style=gnu] ==> ignore
    arg [--as-needed] ==> ignore
    arg [-export-dynamic] ==> ignore
    arg [-dynamic-linker] ==> ignore
    arg [/lib64/ld-linux-x86-64.so.2] ==> ignore
    arg [-zrelro] ==> ignore
    arg [-o] ==> ignore
    arg [cmTC_b9278] ==> ignore
    arg [/usr/lib/gcc/x86_64-linux-gnu/5/../../../x86_64-linux-gnu/crt1.o] ==> ignore
    arg [/usr/lib/gcc/x86_64-linux-gnu/5/../../../x86_64-linux-gnu/crti.o] ==> ignore
    arg [/usr/lib/gcc/x86_64-linux-gnu/5/crtbegin.o] ==> ignore
    arg [-L/usr/lib/gcc/x86_64-linux-gnu/5] ==> dir [/usr/lib/gcc/x86_64-linux-gnu/5]
    arg [-L/usr/lib/gcc/x86_64-linux-gnu/5/../../../x86_64-linux-gnu] ==> dir [/usr/lib/gcc/x86_64-linux-gnu/5/../../../x86_64-linux-gnu]
    arg [-L/usr/lib/gcc/x86_64-linux-gnu/5/../../../../lib] ==> dir [/usr/lib/gcc/x86_64-linux-gnu/5/../../../../lib]
    arg [-L/lib/x86_64-linux-gnu] ==> dir [/lib/x86_64-linux-gnu]
    arg [-L/lib/../lib] ==> dir [/lib/../lib]
    arg [-L/usr/lib/x86_64-linux-gnu] ==> dir [/usr/lib/x86_64-linux-gnu]
    arg [-L/usr/lib/../lib] ==> dir [/usr/lib/../lib]
    arg [-L/usr/lib/gcc/x86_64-linux-gnu/5/../../..] ==> dir [/usr/lib/gcc/x86_64-linux-gnu/5/../../..]
    arg [CMakeFiles/cmTC_b9278.dir/CMakeCCompilerABI.c.o] ==> ignore
    arg [-lgcc] ==> lib [gcc]
    arg [--as-needed] ==> ignore
    arg [-lgcc_s] ==> lib [gcc_s]
    arg [--no-as-needed] ==> ignore
    arg [-lc] ==> lib [c]
    arg [-lgcc] ==> lib [gcc]
    arg [--as-needed] ==> ignore
    arg [-lgcc_s] ==> lib [gcc_s]
    arg [--no-as-needed] ==> ignore
    arg [/usr/lib/gcc/x86_64-linux-gnu/5/crtend.o] ==> ignore
    arg [/usr/lib/gcc/x86_64-linux-gnu/5/../../../x86_64-linux-gnu/crtn.o] ==> ignore
  remove lib [gcc]
  remove lib [gcc_s]
  remove lib [gcc]
  remove lib [gcc_s]
  collapse library dir [/usr/lib/gcc/x86_64-linux-gnu/5] ==> [/usr/lib/gcc/x86_64-linux-gnu/5]
  collapse library dir [/usr/lib/gcc/x86_64-linux-gnu/5/../../../x86_64-linux-gnu] ==> [/usr/lib/x86_64-linux-gnu]
  collapse library dir [/usr/lib/gcc/x86_64-linux-gnu/5/../../../../lib] ==> [/usr/lib]
  collapse library dir [/lib/x86_64-linux-gnu] ==> [/lib/x86_64-linux-gnu]
  collapse library dir [/lib/../lib] ==> [/lib]
  collapse library dir [/usr/lib/x86_64-linux-gnu] ==> [/usr/lib/x86_64-linux-gnu]
  collapse library dir [/usr/lib/../lib] ==> [/usr/lib]
  collapse library dir [/usr/lib/gcc/x86_64-linux-gnu/5/../../..] ==> [/usr/lib]
  implicit libs: [c]
  implicit dirs: [/usr/lib/gcc/x86_64-linux-gnu/5;/usr/lib/x86_64-linux-gnu;/usr/lib;/lib/x86_64-linux-gnu;/lib]
  implicit fwks: []




Detecting C [-std=c11] compiler features compiled with the following output:
Change Dir: /home/droid/Downloads/833fp/eigen-eigen-323c052e1731/build/CMakeFiles/CMakeTmp

Run Build Command:"/usr/bin/make" "cmTC_3b7f2/fast"
/usr/bin/make -f CMakeFiles/cmTC_3b7f2.dir/build.make CMakeFiles/cmTC_3b7f2.dir/build
make[1]: Entering directory '/home/droid/Downloads/833fp/eigen-eigen-323c052e1731/build/CMakeFiles/CMakeTmp'
Building C object CMakeFiles/cmTC_3b7f2.dir/feature_tests.c.o
/usr/bin/cc    -std=c11 -o CMakeFiles/cmTC_3b7f2.dir/feature_tests.c.o   -c /home/droid/Downloads/833fp/eigen-eigen-323c052e1731/build/CMakeFiles/feature_tests.c
Linking C executable cmTC_3b7f2
/usr/bin/cmake -E cmake_link_script CMakeFiles/cmTC_3b7f2.dir/link.txt --verbose=1
/usr/bin/cc       CMakeFiles/cmTC_3b7f2.dir/feature_tests.c.o  -o cmTC_3b7f2 -rdynamic 
make[1]: Leaving directory '/home/droid/Downloads/833fp/eigen-eigen-323c052e1731/build/CMakeFiles/CMakeTmp'


    Feature record: C_FEATURE:1c_function_prototypes
    Feature record: C_FEATURE:1c_restrict
    Feature record: C_FEATURE:1c_static_assert
    Feature record: C_FEATURE:1c_variadic_macros


Detecting C [-std=c99] compiler features compiled with the following output:
Change Dir: /home/droid/Downloads/833fp/eigen-eigen-323c052e1731/build/CMakeFiles/CMakeTmp

Run Build Command:"/usr/bin/make" "cmTC_31fb2/fast"
/usr/bin/make -f CMakeFiles/cmTC_31fb2.dir/build.make CMakeFiles/cmTC_31fb2.dir/build
make[1]: Entering directory '/home/droid/Downloads/833fp/eigen-eigen-323c052e1731/build/CMakeFiles/CMakeTmp'
Building C object CMakeFiles/cmTC_31fb2.dir/feature_tests.c.o
/usr/bin/cc    -std=c99 -o CMakeFiles/cmTC_31fb2.dir/feature_tests.c.o   -c /home/droid/Downloads/833fp/eigen-eigen-323c052e1731/build/CMakeFiles/feature_tests.c
Linking C executable cmTC_31fb2
/usr/bin/cmake -E cmake_link_script CMakeFiles/cmTC_31fb2.dir/link.txt --verbose=1
/usr/bin/cc       CMakeFiles/cmTC_31fb2.dir/feature_tests.c.o  -o cmTC_31fb2 -rdynamic 
make[1]: Leaving directory '/home/droid/Downloads/833fp/eigen-eigen-323c052e1731/build/CMakeFiles/CMakeTmp'


    Feature record: C_FEATURE:1c_function_prototypes
    Feature record: C_FEATURE:1c_restrict
    Feature record: C_FEATURE:0c_static_assert
    Feature record: C_FEATURE:1c_variadic_macros


Detecting C [-std=c90] compiler features compiled with the following output:
Change Dir: /home/droid/Downloads/833fp/eigen-eigen-323c052e1731/build/CMakeFiles/CMakeTmp

Run Build Command:"/usr/bin/make" "cmTC_7c016/fast"
/usr/bin/make -f CMakeFiles/cmTC_7c016.dir/build.make CMakeFiles/cmTC_7c016.dir/build
make[1]: Entering directory '/home/droid/Downloads/833fp/eigen-eigen-323c052e1731/build/CMakeFiles/CMakeTmp'
Building C object CMakeFiles/cmTC_7c016.dir/feature_tests.c.o
/usr/bin/cc    -std=c90 -o CMakeFiles/cmTC_7c016.dir/feature_tests.c.o   -c /home/droid/Downloads/833fp/eigen-eigen-323c052e1731/build/CMakeFiles/feature_tests.c
Linking C executable cmTC_7c016
/usr/bin/cmake -E cmake_link_script CMakeFiles/cmTC_7c016.dir/link.txt --verbose=1
/usr/bin/cc       CMakeFiles/cmTC_7c016.dir/feature_tests.c.o  -o cmTC_7c016 -rdynamic 
make[1]: Leaving directory '/home/droid/Downloads/833fp/eigen-eigen-323c052e1731/build/CMakeFiles/CMakeTmp'


    Feature record: C_FEATURE:1c_function_prototypes
    Feature record: C_FEATURE:0c_restrict
    Feature record: C_FEATURE:0c_static_assert
    Feature record: C_FEATURE:0c_variadic_macros
Determining if the CXX compiler works passed with the following output:
Change Dir: /home/droid/Downloads/833fp/eigen-eigen-323c052e1731/build/CMakeFiles/CMakeTmp

Run Build Command:"/usr/bin/make" "cmTC_b5fd0/fast"
/usr/bin/make -f CMakeFiles/cmTC_b5fd0.dir/build.make CMakeFiles/cmTC_b5fd0.dir/build
make[1]: Entering directory '/home/droid/Downloads/833fp/eigen-eigen-323c052e1731/build/CMakeFiles/CMakeTmp'
Building CXX object CMakeFiles/cmTC_b5fd0.dir/testCXXCompiler.cxx.o
/usr/bin/c++      -o CMakeFiles/cmTC_b5fd0.dir/testCXXCompiler.cxx.o -c /home/droid/Downloads/833fp/eigen-eigen-323c052e1731/build/CMakeFiles/CMakeTmp/testCXXCompiler.cxx
Linking CXX executable cmTC_b5fd0
/usr/bin/cmake -E cmake_link_script CMakeFiles/cmTC_b5fd0.dir/link.txt --verbose=1
/usr/bin/c++        CMakeFiles/cmTC_b5fd0.dir/testCXXCompiler.cxx.o  -o cmTC_b5fd0 -rdynamic 
make[1]: Leaving directory '/home/droid/Downloads/833fp/eigen-eigen-323c052e1731/build/CMakeFiles/CMakeTmp'


Detecting CXX compiler ABI info compiled with the following output:
Change Dir: /home/droid/Downloads/833fp/eigen-eigen-323c052e1731/build/CMakeFiles/CMakeTmp

Run Build Command:"/usr/bin/make" "cmTC_76343/fast"
/usr/bin/make -f CMakeFiles/cmTC_76343.dir/build.make CMakeFiles/cmTC_76343.dir/build
make[1]: Entering directory '/home/droid/Downloads/833fp/eigen-eigen-323c052e1731/build/CMakeFiles/CMakeTmp'
Building CXX object CMakeFiles/cmTC_76343.dir/CMakeCXXCompilerABI.cpp.o
/usr/bin/c++      -o CMakeFiles/cmTC_76343.dir/CMakeCXXCompilerABI.cpp.o -c /usr/share/cmake-3.5/Modules/CMakeCXXCompilerABI.cpp
Linking CXX executable cmTC_76343
/usr/bin/cmake -E cmake_link_script CMakeFiles/cmTC_76343.dir/link.txt --verbose=1
/usr/bin/c++       -v CMakeFiles/cmTC_76343.dir/CMakeCXXCompilerABI.cpp.o  -o cmTC_76343 -rdynamic  
Using built-in specs.
COLLECT_GCC=/usr/bin/c++
COLLECT_LTO_WRAPPER=/usr/lib/gcc/x86_64-linux-gnu/5/lto-wrapper
Target: x86_64-linux-gnu
Configured with: ../src/configure -v --with-pkgversion='Ubuntu 5.4.0-6ubuntu1~16.04.11' --with-bugurl=file:///usr/share/doc/gcc-5/README.Bugs --enable-languages=c,ada,c++,java,go,d,fortran,objc,obj-c++ --prefix=/usr --program-suffix=-5 --enable-shared --enable-linker-build-id --libexecdir=/usr/lib --without-included-gettext --enable-threads=posix --libdir=/usr/lib --enable-nls --with-sysroot=/ --enable-clocale=gnu --enable-libstdcxx-debug --enable-libstdcxx-time=yes --with-default-libstdcxx-abi=new --enable-gnu-unique-object --disable-vtable-verify --enable-libmpx --enable-plugin --with-system-zlib --disable-browser-plugin --enable-java-awt=gtk --enable-gtk-cairo --with-java-home=/usr/lib/jvm/java-1.5.0-gcj-5-amd64/jre --enable-java-home --with-jvm-root-dir=/usr/lib/jvm/java-1.5.0-gcj-5-amd64 --with-jvm-jar-dir=/usr/lib/jvm-exports/java-1.5.0-gcj-5-amd64 --with-arch-directory=amd64 --with-ecj-jar=/usr/share/java/eclipse-ecj.jar --enable-objc-gc --enable-multiarch --disable-werror --with-arch-32=i686 --with-abi=m64 --with-multilib-list=m32,m64,mx32 --enable-multilib --with-tune=generic --enable-checking=release --build=x86_64-linux-gnu --host=x86_64-linux-gnu --target=x86_64-linux-gnu
Thread model: posix
gcc version 5.4.0 20160609 (Ubuntu 5.4.0-6ubuntu1~16.04.11) 
COMPILER_PATH=/usr/lib/gcc/x86_64-linux-gnu/5/:/usr/lib/gcc/x86_64-linux-gnu/5/:/usr/lib/gcc/x86_64-linux-gnu/:/usr/lib/gcc/x86_64-linux-gnu/5/:/usr/lib/gcc/x86_64-linux-gnu/
LIBRARY_PATH=/usr/lib/gcc/x86_64-linux-gnu/5/:/usr/lib/gcc/x86_64-linux-gnu/5/../../../x86_64-linux-gnu/:/usr/lib/gcc/x86_64-linux-gnu/5/../../../../lib/:/lib/x86_64-linux-gnu/:/lib/../lib/:/usr/lib/x86_64-linux-gnu/:/usr/lib/../lib/:/usr/lib/gcc/x86_64-linux-gnu/5/../../../:/lib/:/usr/lib/
COLLECT_GCC_OPTIONS='-v' '-o' 'cmTC_76343' '-rdynamic' '-shared-libgcc' '-mtune=generic' '-march=x86-64'
 /usr/lib/gcc/x86_64-linux-gnu/5/collect2 -plugin /usr/lib/gcc/x86_64-linux-gnu/5/liblto_plugin.so -plugin-opt=/usr/lib/gcc/x86_64-linux-gnu/5/lto-wrapper -plugin-opt=-fresolution=/tmp/cc7ML2Rm.res -plugin-opt=-pass-through=-lgcc_s -plugin-opt=-pass-through=-lgcc -plugin-opt=-pass-through=-lc -plugin-opt=-pass-through=-lgcc_s -plugin-opt=-pass-through=-lgcc --sysroot=/ --build-id --eh-frame-hdr -m elf_x86_64 --hash-style=gnu --as-needed -export-dynamic -dynamic-linker /lib64/ld-linux-x86-64.so.2 -z relro -o cmTC_76343 /usr/lib/gcc/x86_64-linux-gnu/5/../../../x86_64-linux-gnu/crt1.o /usr/lib/gcc/x86_64-linux-gnu/5/../../../x86_64-linux-gnu/crti.o /usr/lib/gcc/x86_64-linux-gnu/5/crtbegin.o -L/usr/lib/gcc/x86_64-linux-gnu/5 -L/usr/lib/gcc/x86_64-linux-gnu/5/../../../x86_64-linux-gnu -L/usr/lib/gcc/x86_64-linux-gnu/5/../../../../lib -L/lib/x86_64-linux-gnu -L/lib/../lib -L/usr/lib/x86_64-linux-gnu -L/usr/lib/../lib -L/usr/lib/gcc/x86_64-linux-gnu/5/../../.. CMakeFiles/cmTC_76343.dir/CMakeCXXCompilerABI.cpp.o -lstdc++ -lm -lgcc_s -lgcc -lc -lgcc_s -lgcc /usr/lib/gcc/x86_64-linux-gnu/5/crtend.o /usr/lib/gcc/x86_64-linux-gnu/5/../../../x86_64-linux-gnu/crtn.o
make[1]: Leaving directory '/home/droid/Downloads/833fp/eigen-eigen-323c052e1731/build/CMakeFiles/CMakeTmp'


Parsed CXX implicit link information from above output:
  link line regex: [^( *|.*[/\])(ld|([^/\]+-)?ld|collect2)[^/\]*( |$)]
  ignore line: [Change Dir: /home/droid/Downloads/833fp/eigen-eigen-323c052e1731/build/CMakeFiles/CMakeTmp]
  ignore line: []
  ignore line: [Run Build Command:"/usr/bin/make" "cmTC_76343/fast"]
  ignore line: [/usr/bin/make -f CMakeFiles/cmTC_76343.dir/build.make CMakeFiles/cmTC_76343.dir/build]
  ignore line: [make[1]: Entering directory '/home/droid/Downloads/833fp/eigen-eigen-323c052e1731/build/CMakeFiles/CMakeTmp']
  ignore line: [Building CXX object CMakeFiles/cmTC_76343.dir/CMakeCXXCompilerABI.cpp.o]
  ignore line: [/usr/bin/c++      -o CMakeFiles/cmTC_76343.dir/CMakeCXXCompilerABI.cpp.o -c /usr/share/cmake-3.5/Modules/CMakeCXXCompilerABI.cpp]
  ignore line: [Linking CXX executable cmTC_76343]
  ignore line: [/usr/bin/cmake -E cmake_link_script CMakeFiles/cmTC_76343.dir/link.txt --verbose=1]
  ignore line: [/usr/bin/c++       -v CMakeFiles/cmTC_76343.dir/CMakeCXXCompilerABI.cpp.o  -o cmTC_76343 -rdynamic  ]
  ignore line: [Using built-in specs.]
  ignore line: [COLLECT_GCC=/usr/bin/c++]
  ignore line: [COLLECT_LTO_WRAPPER=/usr/lib/gcc/x86_64-linux-gnu/5/lto-wrapper]
  ignore line: [Target: x86_64-linux-gnu]
  ignore line: [Configured with: ../src/configure -v --with-pkgversion='Ubuntu 5.4.0-6ubuntu1~16.04.11' --with-bugurl=file:///usr/share/doc/gcc-5/README.Bugs --enable-languages=c,ada,c++,java,go,d,fortran,objc,obj-c++ --prefix=/usr --program-suffix=-5 --enable-shared --enable-linker-build-id --libexecdir=/usr/lib --without-included-gettext --enable-threads=posix --libdir=/usr/lib --enable-nls --with-sysroot=/ --enable-clocale=gnu --enable-libstdcxx-debug --enable-libstdcxx-time=yes --with-default-libstdcxx-abi=new --enable-gnu-unique-object --disable-vtable-verify --enable-libmpx --enable-plugin --with-system-zlib --disable-browser-plugin --enable-java-awt=gtk --enable-gtk-cairo --with-java-home=/usr/lib/jvm/java-1.5.0-gcj-5-amd64/jre --enable-java-home --with-jvm-root-dir=/usr/lib/jvm/java-1.5.0-gcj-5-amd64 --with-jvm-jar-dir=/usr/lib/jvm-exports/java-1.5.0-gcj-5-amd64 --with-arch-directory=amd64 --with-ecj-jar=/usr/share/java/eclipse-ecj.jar --enable-objc-gc --enable-multiarch --disable-werror --with-arch-32=i686 --with-abi=m64 --with-multilib-list=m32,m64,mx32 --enable-multilib --with-tune=generic --enable-checking=release --build=x86_64-linux-gnu --host=x86_64-linux-gnu --target=x86_64-linux-gnu]
  ignore line: [Thread model: posix]
  ignore line: [gcc version 5.4.0 20160609 (Ubuntu 5.4.0-6ubuntu1~16.04.11) ]
  ignore line: [COMPILER_PATH=/usr/lib/gcc/x86_64-linux-gnu/5/:/usr/lib/gcc/x86_64-linux-gnu/5/:/usr/lib/gcc/x86_64-linux-gnu/:/usr/lib/gcc/x86_64-linux-gnu/5/:/usr/lib/gcc/x86_64-linux-gnu/]
  ignore line: [LIBRARY_PATH=/usr/lib/gcc/x86_64-linux-gnu/5/:/usr/lib/gcc/x86_64-linux-gnu/5/../../../x86_64-linux-gnu/:/usr/lib/gcc/x86_64-linux-gnu/5/../../../../lib/:/lib/x86_64-linux-gnu/:/lib/../lib/:/usr/lib/x86_64-linux-gnu/:/usr/lib/../lib/:/usr/lib/gcc/x86_64-linux-gnu/5/../../../:/lib/:/usr/lib/]
  ignore line: [COLLECT_GCC_OPTIONS='-v' '-o' 'cmTC_76343' '-rdynamic' '-shared-libgcc' '-mtune=generic' '-march=x86-64']
  link line: [ /usr/lib/gcc/x86_64-linux-gnu/5/collect2 -plugin /usr/lib/gcc/x86_64-linux-gnu/5/liblto_plugin.so -plugin-opt=/usr/lib/gcc/x86_64-linux-gnu/5/lto-wrapper -plugin-opt=-fresolution=/tmp/cc7ML2Rm.res -plugin-opt=-pass-through=-lgcc_s -plugin-opt=-pass-through=-lgcc -plugin-opt=-pass-through=-lc -plugin-opt=-pass-through=-lgcc_s -plugin-opt=-pass-through=-lgcc --sysroot=/ --build-id --eh-frame-hdr -m elf_x86_64 --hash-style=gnu --as-needed -export-dynamic -dynamic-linker /lib64/ld-linux-x86-64.so.2 -z relro -o cmTC_76343 /usr/lib/gcc/x86_64-linux-gnu/5/../../../x86_64-linux-gnu/crt1.o /usr/lib/gcc/x86_64-linux-gnu/5/../../../x86_64-linux-gnu/crti.o /usr/lib/gcc/x86_64-linux-gnu/5/crtbegin.o -L/usr/lib/gcc/x86_64-linux-gnu/5 -L/usr/lib/gcc/x86_64-linux-gnu/5/../../../x86_64-linux-gnu -L/usr/lib/gcc/x86_64-linux-gnu/5/../../../../lib -L/lib/x86_64-linux-gnu -L/lib/../lib -L/usr/lib/x86_64-linux-gnu -L/usr/lib/../lib -L/usr/lib/gcc/x86_64-linux-gnu/5/../../.. CMakeFiles/cmTC_76343.dir/CMakeCXXCompilerABI.cpp.o -lstdc++ -lm -lgcc_s -lgcc -lc -lgcc_s -lgcc /usr/lib/gcc/x86_64-linux-gnu/5/crtend.o /usr/lib/gcc/x86_64-linux-gnu/5/../../../x86_64-linux-gnu/crtn.o]
    arg [/usr/lib/gcc/x86_64-linux-gnu/5/collect2] ==> ignore
    arg [-plugin] ==> ignore
    arg [/usr/lib/gcc/x86_64-linux-gnu/5/liblto_plugin.so] ==> ignore
    arg [-plugin-opt=/usr/lib/gcc/x86_64-linux-gnu/5/lto-wrapper] ==> ignore
    arg [-plugin-opt=-fresolution=/tmp/cc7ML2Rm.res] ==> ignore
    arg [-plugin-opt=-pass-through=-lgcc_s] ==> ignore
    arg [-plugin-opt=-pass-through=-lgcc] ==> ignore
    arg [-plugin-opt=-pass-through=-lc] ==> ignore
    arg [-plugin-opt=-pass-through=-lgcc_s] ==> ignore
    arg [-plugin-opt=-pass-through=-lgcc] ==> ignore
    arg [--sysroot=/] ==> ignore
    arg [--build-id] ==> ignore
    arg [--eh-frame-hdr] ==> ignore
    arg [-m] ==> ignore
    arg [elf_x86_64] ==> ignore
    arg [--hash-style=gnu] ==> ignore
    arg [--as-needed] ==> ignore
    arg [-export-dynamic] ==> ignore
    arg [-dynamic-linker] ==> ignore
    arg [/lib64/ld-linux-x86-64.so.2] ==> ignore
    arg [-zrelro] ==> ignore
    arg [-o] ==> ignore
    arg [cmTC_76343] ==> ignore
    arg [/usr/lib/gcc/x86_64-linux-gnu/5/../../../x86_64-linux-gnu/crt1.o] ==> ignore
    arg [/usr/lib/gcc/x86_64-linux-gnu/5/../../../x86_64-linux-gnu/crti.o] ==> ignore
    arg [/usr/lib/gcc/x86_64-linux-gnu/5/crtbegin.o] ==> ignore
    arg [-L/usr/lib/gcc/x86_64-linux-gnu/5] ==> dir [/usr/lib/gcc/x86_64-linux-gnu/5]
    arg [-L/usr/lib/gcc/x86_64-linux-gnu/5/../../../x86_64-linux-gnu] ==> dir [/usr/lib/gcc/x86_64-linux-gnu/5/../../../x86_64-linux-gnu]
    arg [-L/usr/lib/gcc/x86_64-linux-gnu/5/../../../../lib] ==> dir [/usr/lib/gcc/x86_64-linux-gnu/5/../../../../lib]
    arg [-L/lib/x86_64-linux-gnu] ==> dir [/lib/x86_64-linux-gnu]
    arg [-L/lib/../lib] ==> dir [/lib/../lib]
    arg [-L/usr/lib/x86_64-linux-gnu] ==> dir [/usr/lib/x86_64-linux-gnu]
    arg [-L/usr/lib/../lib] ==> dir [/usr/lib/../lib]
    arg [-L/usr/lib/gcc/x86_64-linux-gnu/5/../../..] ==> dir [/usr/lib/gcc/x86_64-linux-gnu/5/../../..]
    arg [CMakeFiles/cmTC_76343.dir/CMakeCXXCompilerABI.cpp.o] ==> ignore
    arg [-lstdc++] ==> lib [stdc++]
    arg [-lm] ==> lib [m]
    arg [-lgcc_s] ==> lib [gcc_s]
    arg [-lgcc] ==> lib [gcc]
    arg [-lc] ==> lib [c]
    arg [-lgcc_s] ==> lib [gcc_s]
    arg [-lgcc] ==> lib [gcc]
    arg [/usr/lib/gcc/x86_64-linux-gnu/5/crtend.o] ==> ignore
    arg [/usr/lib/gcc/x86_64-linux-gnu/5/../../../x86_64-linux-gnu/crtn.o] ==> ignore
  remove lib [gcc_s]
  remove lib [gcc]
  remove lib [gcc_s]
  remove lib [gcc]
  collapse library dir [/usr/lib/gcc/x86_64-linux-gnu/5] ==> [/usr/lib/gcc/x86_64-linux-gnu/5]
  collapse library dir [/usr/lib/gcc/x86_64-linux-gnu/5/../../../x86_64-linux-gnu] ==> [/usr/lib/x86_64-linux-gnu]
  collapse library dir [/usr/lib/gcc/x86_64-linux-gnu/5/../../../../lib] ==> [/usr/lib]
  collapse library dir [/lib/x86_64-linux-gnu] ==> [/lib/x86_64-linux-gnu]
  collapse library dir [/lib/../lib] ==> [/lib]
  collapse library dir [/usr/lib/x86_64-linux-gnu] ==> [/usr/lib/x86_64-linux-gnu]
  collapse library dir [/usr/lib/../lib] ==> [/usr/lib]
  collapse library dir [/usr/lib/gcc/x86_64-linux-gnu/5/../../..] ==> [/usr/lib]
  implicit libs: [stdc++;m;c]
  implicit dirs: [/usr/lib/gcc/x86_64-linux-gnu/5;/usr/lib/x86_64-linux-gnu;/usr/lib;/lib/x86_64-linux-gnu;/lib]
  implicit fwks: []




Detecting CXX [-std=c++14] compiler features compiled with the following output:
Change Dir: /home/droid/Downloads/833fp/eigen-eigen-323c052e1731/build/CMakeFiles/CMakeTmp

Run Build Command:"/usr/bin/make" "cmTC_10799/fast"
/usr/bin/make -f CMakeFiles/cmTC_10799.dir/build.make CMakeFiles/cmTC_10799.dir/build
make[1]: Entering directory '/home/droid/Downloads/833fp/eigen-eigen-323c052e1731/build/CMakeFiles/CMakeTmp'
Building CXX object CMakeFiles/cmTC_10799.dir/feature_tests.cxx.o
/usr/bin/c++     -std=c++14 -o CMakeFiles/cmTC_10799.dir/feature_tests.cxx.o -c /home/droid/Downloads/833fp/eigen-eigen-323c052e1731/build/CMakeFiles/feature_tests.cxx
Linking CXX executable cmTC_10799
/usr/bin/cmake -E cmake_link_script CMakeFiles/cmTC_10799.dir/link.txt --verbose=1
/usr/bin/c++        CMakeFiles/cmTC_10799.dir/feature_tests.cxx.o  -o cmTC_10799 -rdynamic 
make[1]: Leaving directory '/home/droid/Downloads/833fp/eigen-eigen-323c052e1731/build/CMakeFiles/CMakeTmp'


    Feature record: CXX_FEATURE:1cxx_aggregate_default_initializers
    Feature record: CXX_FEATURE:1cxx_alias_templates
    Feature record: CXX_FEATURE:1cxx_alignas
    Feature record: CXX_FEATURE:1cxx_alignof
    Feature record: CXX_FEATURE:1cxx_attributes
    Feature record: CXX_FEATURE:1cxx_attribute_deprecated
    Feature record: CXX_FEATURE:1cxx_auto_type
    Feature record: CXX_FEATURE:1cxx_binary_literals
    Feature record: CXX_FEATURE:1cxx_constexpr
    Feature record: CXX_FEATURE:1cxx_contextual_conversions
    Feature record: CXX_FEATURE:1cxx_decltype
    Feature record: CXX_FEATURE:1cxx_decltype_auto
    Feature record: CXX_FEATURE:1cxx_decltype_incomplete_return_types
    Feature record: CXX_FEATURE:1cxx_default_function_template_args
    Feature record: CXX_FEATURE:1cxx_defaulted_functions
    Feature record: CXX_FEATURE:1cxx_defaulted_move_initializers
    Feature record: CXX_FEATURE:1cxx_delegating_constructors
    Feature record: CXX_FEATURE:1cxx_deleted_functions
    Feature record: CXX_FEATURE:1cxx_digit_separators
    Feature record: CXX_FEATURE:1cxx_enum_forward_declarations
    Feature record: CXX_FEATURE:1cxx_explicit_conversions
    Feature record: CXX_FEATURE:1cxx_extended_friend_declarations
    Feature record: CXX_FEATURE:1cxx_extern_templates
    Feature record: CXX_FEATURE:1cxx_final
    Feature record: CXX_FEATURE:1cxx_func_identifier
    Feature record: CXX_FEATURE:1cxx_generalized_initializers
    Feature record: CXX_FEATURE:1cxx_generic_lambdas
    Feature record: CXX_FEATURE:1cxx_inheriting_constructors
    Feature record: CXX_FEATURE:1cxx_inline_namespaces
    Feature record: CXX_FEATURE:1cxx_lambdas
    Feature record: CXX_FEATURE:1cxx_lambda_init_captures
    Feature record: CXX_FEATURE:1cxx_local_type_template_args
    Feature record: CXX_FEATURE:1cxx_long_long_type
    Feature record: CXX_FEATURE:1cxx_noexcept
    Feature record: CXX_FEATURE:1cxx_nonstatic_member_init
    Feature record: CXX_FEATURE:1cxx_nullptr
    Feature record: CXX_FEATURE:1cxx_override
    Feature record: CXX_FEATURE:1cxx_range_for
    Feature record: CXX_FEATURE:1cxx_raw_string_literals
    Feature record: CXX_FEATURE:1cxx_reference_qualified_functions
    Feature record: CXX_FEATURE:1cxx_relaxed_constexpr
    Feature record: CXX_FEATURE:1cxx_return_type_deduction
    Feature record: CXX_FEATURE:1cxx_right_angle_brackets
    Feature record: CXX_FEATURE:1cxx_rvalue_references
    Feature record: CXX_FEATURE:1cxx_sizeof_member
    Feature record: CXX_FEATURE:1cxx_static_assert
    Feature record: CXX_FEATURE:1cxx_strong_enums
    Feature record: CXX_FEATURE:1cxx_template_template_parameters
    Feature record: CXX_FEATURE:1cxx_thread_local
    Feature record: CXX_FEATURE:1cxx_trailing_return_types
    Feature record: CXX_FEATURE:1cxx_unicode_literals
    Feature record: CXX_FEATURE:1cxx_uniform_initialization
    Feature record: CXX_FEATURE:1cxx_unrestricted_unions
    Feature record: CXX_FEATURE:1cxx_user_literals
    Feature record: CXX_FEATURE:1cxx_variable_templates
    Feature record: CXX_FEATURE:1cxx_variadic_macros
    Feature record: CXX_FEATURE:1cxx_variadic_templates


Detecting CXX [-std=c++11] compiler features compiled with the following output:
Change Dir: /home/droid/Downloads/833fp/eigen-eigen-323c052e1731/build/CMakeFiles/CMakeTmp

Run Build Command:"/usr/bin/make" "cmTC_b0464/fast"
/usr/bin/make -f CMakeFiles/cmTC_b0464.dir/build.make CMakeFiles/cmTC_b0464.dir/build
make[1]: Entering directory '/home/droid/Downloads/833fp/eigen-eigen-323c052e1731/build/CMakeFiles/CMakeTmp'
Building CXX object CMakeFiles/cmTC_b0464.dir/feature_tests.cxx.o
/usr/bin/c++     -std=c++11 -o CMakeFiles/cmTC_b0464.dir/feature_tests.cxx.o -c /home/droid/Downloads/833fp/eigen-eigen-323c052e1731/build/CMakeFiles/feature_tests.cxx
Linking CXX executable cmTC_b0464
/usr/bin/cmake -E cmake_link_script CMakeFiles/cmTC_b0464.dir/link.txt --verbose=1
/usr/bin/c++        CMakeFiles/cmTC_b0464.dir/feature_tests.cxx.o  -o cmTC_b0464 -rdynamic 
make[1]: Leaving directory '/home/droid/Downloads/833fp/eigen-eigen-323c052e1731/build/CMakeFiles/CMakeTmp'


    Feature record: CXX_FEATURE:0cxx_aggregate_default_initializers
    Feature record: CXX_FEATURE:1cxx_alias_templates
    Feature record: CXX_FEATURE:1cxx_alignas
    Feature record: CXX_FEATURE:1cxx_alignof
    Feature record: CXX_FEATURE:1cxx_attributes
    Feature record: CXX_FEATURE:0cxx_attribute_deprecated
    Feature record: CXX_FEATURE:1cxx_auto_type
    Feature record: CXX_FEATURE:0cxx_binary_literals
    Feature record: CXX_FEATURE:1cxx_constexpr
    Feature record: CXX_FEATURE:0cxx_contextual_conversions
    Feature record: CXX_FEATURE:1cxx_decltype
    Feature record: CXX_FEATURE:0cxx_decltype_auto
    Feature record: CXX_FEATURE:1cxx_decltype_incomplete_return_types
    Feature record: CXX_FEATURE:1cxx_default_function_template_args
    Feature record: CXX_FEATURE:1cxx_defaulted_functions
    Feature record: CXX_FEATURE:1cxx_defaulted_move_initializers
    Feature record: CXX_FEATURE:1cxx_delegating_constructors
    Feature record: CXX_FEATURE:1cxx_deleted_functions
    Feature record: CXX_FEATURE:0cxx_digit_separators
    Feature record: CXX_FEATURE:1cxx_enum_forward_declarations
    Feature record: CXX_FEATURE:1cxx_explicit_conversions
    Feature record: CXX_FEATURE:1cxx_extended_friend_declarations
    Feature record: CXX_FEATURE:1cxx_extern_templates
    Feature record: CXX_FEATURE:1cxx_final
    Feature record: CXX_FEATURE:1cxx_func_identifier
    Feature record: CXX_FEATURE:1cxx_generalized_initializers
    Feature record: CXX_FEATURE:0cxx_generic_lambdas
    Feature record: CXX_FEATURE:1cxx_inheriting_constructors
    Feature record: CXX_FEATURE:1cxx_inline_namespaces
    Feature record: CXX_FEATURE:1cxx_lambdas
    Feature record: CXX_FEATURE:0cxx_lambda_init_captures
    Feature record: CXX_FEATURE:1cxx_local_type_template_args
    Feature record: CXX_FEATURE:1cxx_long_long_type
    Feature record: CXX_FEATURE:1cxx_noexcept
    Feature record: CXX_FEATURE:1cxx_nonstatic_member_init
    Feature record: CXX_FEATURE:1cxx_nullptr
    Feature record: CXX_FEATURE:1cxx_override
    Feature record: CXX_FEATURE:1cxx_range_for
    Feature record: CXX_FEATURE:1cxx_raw_string_literals
    Feature record: CXX_FEATURE:1cxx_reference_qualified_functions
    Feature record: CXX_FEATURE:0cxx_relaxed_constexpr
    Feature record: CXX_FEATURE:0cxx_return_type_deduction
    Feature record: CXX_FEATURE:1cxx_right_angle_brackets
    Feature record: CXX_FEATURE:1cxx_rvalue_references
    Feature record: CXX_FEATURE:1cxx_sizeof_member
    Feature record: CXX_FEATURE:1cxx_static_assert
    Feature record: CXX_FEATURE:1cxx_strong_enums
    Feature record: CXX_FEATURE:1cxx_template_template_parameters
    Feature record: CXX_FEATURE:1cxx_thread_local
    Feature record: CXX_FEATURE:1cxx_trailing_return_types
    Feature record: CXX_FEATURE:1cxx_unicode_literals
    Feature record: CXX_FEATURE:1cxx_uniform_initialization
    Feature record: CXX_FEATURE:1cxx_unrestricted_unions
    Feature record: CXX_FEATURE:1cxx_user_literals
    Feature record: CXX_FEATURE:0cxx_variable_templates
    Feature record: CXX_FEATURE:1cxx_variadic_macros
    Feature record: CXX_FEATURE:1cxx_variadic_templates


Detecting CXX [-std=c++98] compiler features compiled with the following output:
Change Dir: /home/droid/Downloads/833fp/eigen-eigen-323c052e1731/build/CMakeFiles/CMakeTmp

Run Build Command:"/usr/bin/make" "cmTC_3da77/fast"
/usr/bin/make -f CMakeFiles/cmTC_3da77.dir/build.make CMakeFiles/cmTC_3da77.dir/build
make[1]: Entering directory '/home/droid/Downloads/833fp/eigen-eigen-323c052e1731/build/CMakeFiles/CMakeTmp'
Building CXX object CMakeFiles/cmTC_3da77.dir/feature_tests.cxx.o
/usr/bin/c++     -std=c++98 -o CMakeFiles/cmTC_3da77.dir/feature_tests.cxx.o -c /home/droid/Downloads/833fp/eigen-eigen-323c052e1731/build/CMakeFiles/feature_tests.cxx
Linking CXX executable cmTC_3da77
/usr/bin/cmake -E cmake_link_script CMakeFiles/cmTC_3da77.dir/link.txt --verbose=1
/usr/bin/c++        CMakeFiles/cmTC_3da77.dir/feature_tests.cxx.o  -o cmTC_3da77 -rdynamic 
make[1]: Leaving directory '/home/droid/Downloads/833fp/eigen-eigen-323c052e1731/build/CMakeFiles/CMakeTmp'


    Feature record: CXX_FEATURE:0cxx_aggregate_default_initializers
    Feature record: CXX_FEATURE:0cxx_alias_templates
    Feature record: CXX_FEATURE:0cxx_alignas
    Feature record: CXX_FEATURE:0cxx_alignof
    Feature record: CXX_FEATURE:0cxx_attributes
    Feature record: CXX_FEATURE:0cxx_attribute_deprecated
    Feature record: CXX_FEATURE:0cxx_auto_type
    Feature record: CXX_FEATURE:0cxx_binary_literals
    Feature record: CXX_FEATURE:0cxx_constexpr
    Feature record: CXX_FEATURE:0cxx_contextual_conversions
    Feature record: CXX_FEATURE:0cxx_decltype
    Feature record: CXX_FEATURE:0cxx_decltype_auto
    Feature record: CXX_FEATURE:0cxx_decltype_incomplete_return_types
    Feature record: CXX_FEATURE:0cxx_default_function_template_args
    Feature record: CXX_FEATURE:0cxx_defaulted_functions
    Feature record: CXX_FEATURE:0cxx_defaulted_move_initializers
    Feature record: CXX_FEATURE:0cxx_delegating_constructors
    Feature record: CXX_FEATURE:0cxx_deleted_functions
    Feature record: CXX_FEATURE:0cxx_digit_separators
    Feature record: CXX_FEATURE:0cxx_enum_forward_declarations
    Feature record: CXX_FEATURE:0cxx_explicit_conversions
    Feature record: CXX_FEATURE:0cxx_extended_friend_declarations
    Feature record: CXX_FEATURE:0cxx_extern_templates
    Feature record: CXX_FEATURE:0cxx_final
    Feature record: CXX_FEATURE:0cxx_func_identifier
    Feature record: CXX_FEATURE:0cxx_generalized_initializers
    Feature record: CXX_FEATURE:0cxx_generic_lambdas
    Feature record: CXX_FEATURE:0cxx_inheriting_constructors
    Feature record: CXX_FEATURE:0cxx_inline_namespaces
    Feature record: CXX_FEATURE:0cxx_lambdas
    Feature record: CXX_FEATURE:0cxx_lambda_init_captures
    Feature record: CXX_FEATURE:0cxx_local_type_template_args
    Feature record: CXX_FEATURE:0cxx_long_long_type
    Feature record: CXX_FEATURE:0cxx_noexcept
    Feature record: CXX_FEATURE:0cxx_nonstatic_member_init
    Feature record: CXX_FEATURE:0cxx_nullptr
    Feature record: CXX_FEATURE:0cxx_override
    Feature record: CXX_FEATURE:0cxx_range_for
    Feature record: CXX_FEATURE:0cxx_raw_string_literals
    Feature record: CXX_FEATURE:0cxx_reference_qualified_functions
    Feature record: CXX_FEATURE:0cxx_relaxed_constexpr
    Feature record: CXX_FEATURE:0cxx_return_type_deduction
    Feature record: CXX_FEATURE:0cxx_right_angle_brackets
    Feature record: CXX_FEATURE:0cxx_rvalue_references
    Feature record: CXX_FEATURE:0cxx_sizeof_member
    Feature record: CXX_FEATURE:0cxx_static_assert
    Feature record: CXX_FEATURE:0cxx_strong_enums
    Feature record: CXX_FEATURE:1cxx_template_template_parameters
    Feature record: CXX_FEATURE:0cxx_thread_local
    Feature record: CXX_FEATURE:0cxx_trailing_return_types
    Feature record: CXX_FEATURE:0cxx_unicode_literals
    Feature record: CXX_FEATURE:0cxx_uniform_initialization
    Feature record: CXX_FEATURE:0cxx_unrestricted_unions
    Feature record: CXX_FEATURE:0cxx_user_literals
    Feature record: CXX_FEATURE:0cxx_variable_templates
    Feature record: CXX_FEATURE:0cxx_variadic_macros
    Feature record: CXX_FEATURE:0cxx_variadic_templates
Performing C++ SOURCE FILE Test EIGEN_COMPILER_SUPPORT_CPP11 succeeded with the following output:
Change Dir: /home/droid/Downloads/833fp/eigen-eigen-323c052e1731/build/CMakeFiles/CMakeTmp

Run Build Command:"/usr/bin/make" "cmTC_7a802/fast"
/usr/bin/make -f CMakeFiles/cmTC_7a802.dir/build.make CMakeFiles/cmTC_7a802.dir/build
make[1]: Entering directory '/home/droid/Downloads/833fp/eigen-eigen-323c052e1731/build/CMakeFiles/CMakeTmp'
Building CXX object CMakeFiles/cmTC_7a802.dir/src.cxx.o
/usr/bin/c++     -DEIGEN_COMPILER_SUPPORT_CPP11   -std=c++11 -o CMakeFiles/cmTC_7a802.dir/src.cxx.o -c /home/droid/Downloads/833fp/eigen-eigen-323c052e1731/build/CMakeFiles/CMakeTmp/src.cxx
Linking CXX executable cmTC_7a802
/usr/bin/cmake -E cmake_link_script CMakeFiles/cmTC_7a802.dir/link.txt --verbose=1
/usr/bin/c++    -DEIGEN_COMPILER_SUPPORT_CPP11    CMakeFiles/cmTC_7a802.dir/src.cxx.o  -o cmTC_7a802 -rdynamic 
make[1]: Leaving directory '/home/droid/Downloads/833fp/eigen-eigen-323c052e1731/build/CMakeFiles/CMakeTmp'

Source file was:
int main() { return 0; }
Performing C++ SOURCE FILE Test COMPILER_SUPPORT_std=cpp03 succeeded with the following output:
Change Dir: /home/droid/Downloads/833fp/eigen-eigen-323c052e1731/build/CMakeFiles/CMakeTmp

Run Build Command:"/usr/bin/make" "cmTC_61fe7/fast"
/usr/bin/make -f CMakeFiles/cmTC_61fe7.dir/build.make CMakeFiles/cmTC_61fe7.dir/build
make[1]: Entering directory '/home/droid/Downloads/833fp/eigen-eigen-323c052e1731/build/CMakeFiles/CMakeTmp'
Building CXX object CMakeFiles/cmTC_61fe7.dir/src.cxx.o
/usr/bin/c++     -DCOMPILER_SUPPORT_std=cpp03   -std=c++03 -o CMakeFiles/cmTC_61fe7.dir/src.cxx.o -c /home/droid/Downloads/833fp/eigen-eigen-323c052e1731/build/CMakeFiles/CMakeTmp/src.cxx
Linking CXX executable cmTC_61fe7
/usr/bin/cmake -E cmake_link_script CMakeFiles/cmTC_61fe7.dir/link.txt --verbose=1
/usr/bin/c++    -DCOMPILER_SUPPORT_std=cpp03    CMakeFiles/cmTC_61fe7.dir/src.cxx.o  -o cmTC_61fe7 -rdynamic 
make[1]: Leaving directory '/home/droid/Downloads/833fp/eigen-eigen-323c052e1731/build/CMakeFiles/CMakeTmp'

Source file was:
int main() { return 0; }
Performing C++ SOURCE FILE Test standard_math_library_linked_to_automatically succeeded with the following output:
Change Dir: /home/droid/Downloads/833fp/eigen-eigen-323c052e1731/build/CMakeFiles/CMakeTmp

Run Build Command:"/usr/bin/make" "cmTC_f64d2/fast"
/usr/bin/make -f CMakeFiles/cmTC_f64d2.dir/build.make CMakeFiles/cmTC_f64d2.dir/build
make[1]: Entering directory '/home/droid/Downloads/833fp/eigen-eigen-323c052e1731/build/CMakeFiles/CMakeTmp'
Building CXX object CMakeFiles/cmTC_f64d2.dir/src.cxx.o
/usr/bin/c++     -std=c++03 -Dstandard_math_library_linked_to_automatically   -o CMakeFiles/cmTC_f64d2.dir/src.cxx.o -c /home/droid/Downloads/833fp/eigen-eigen-323c052e1731/build/CMakeFiles/CMakeTmp/src.cxx
Linking CXX executable cmTC_f64d2
/usr/bin/cmake -E cmake_link_script CMakeFiles/cmTC_f64d2.dir/link.txt --verbose=1
/usr/bin/c++    -std=c++03 -Dstandard_math_library_linked_to_automatically    CMakeFiles/cmTC_f64d2.dir/src.cxx.o  -o cmTC_f64d2 -rdynamic 
make[1]: Leaving directory '/home/droid/Downloads/833fp/eigen-eigen-323c052e1731/build/CMakeFiles/CMakeTmp'

Source file was:
#include<cmath>
int main() { std::sin(0.0); std::log(0.0f); }
Performing C++ SOURCE FILE Test COMPILER_SUPPORT_WERROR succeeded with the following output:
Change Dir: /home/droid/Downloads/833fp/eigen-eigen-323c052e1731/build/CMakeFiles/CMakeTmp

Run Build Command:"/usr/bin/make" "cmTC_bea96/fast"
/usr/bin/make -f CMakeFiles/cmTC_bea96.dir/build.make CMakeFiles/cmTC_bea96.dir/build
make[1]: Entering directory '/home/droid/Downloads/833fp/eigen-eigen-323c052e1731/build/CMakeFiles/CMakeTmp'
Building CXX object CMakeFiles/cmTC_bea96.dir/src.cxx.o
/usr/bin/c++     -std=c++03 -DCOMPILER_SUPPORT_WERROR   -Werror -o CMakeFiles/cmTC_bea96.dir/src.cxx.o -c /home/droid/Downloads/833fp/eigen-eigen-323c052e1731/build/CMakeFiles/CMakeTmp/src.cxx
Linking CXX executable cmTC_bea96
/usr/bin/cmake -E cmake_link_script CMakeFiles/cmTC_bea96.dir/link.txt --verbose=1
/usr/bin/c++    -std=c++03 -DCOMPILER_SUPPORT_WERROR    CMakeFiles/cmTC_bea96.dir/src.cxx.o  -o cmTC_bea96 -rdynamic 
make[1]: Leaving directory '/home/droid/Downloads/833fp/eigen-eigen-323c052e1731/build/CMakeFiles/CMakeTmp'

Source file was:
int main() { return 0; }
Performing C++ SOURCE FILE Test COMPILER_SUPPORT_pedantic succeeded with the following output:
Change Dir: /home/droid/Downloads/833fp/eigen-eigen-323c052e1731/build/CMakeFiles/CMakeTmp

Run Build Command:"/usr/bin/make" "cmTC_4d272/fast"
/usr/bin/make -f CMakeFiles/cmTC_4d272.dir/build.make CMakeFiles/cmTC_4d272.dir/build
make[1]: Entering directory '/home/droid/Downloads/833fp/eigen-eigen-323c052e1731/build/CMakeFiles/CMakeTmp'
Building CXX object CMakeFiles/cmTC_4d272.dir/src.cxx.o
/usr/bin/c++     -std=c++03 -DCOMPILER_SUPPORT_pedantic -Werror   -pedantic -o CMakeFiles/cmTC_4d272.dir/src.cxx.o -c /home/droid/Downloads/833fp/eigen-eigen-323c052e1731/build/CMakeFiles/CMakeTmp/src.cxx
Linking CXX executable cmTC_4d272
/usr/bin/cmake -E cmake_link_script CMakeFiles/cmTC_4d272.dir/link.txt --verbose=1
/usr/bin/c++    -std=c++03 -DCOMPILER_SUPPORT_pedantic -Werror    CMakeFiles/cmTC_4d272.dir/src.cxx.o  -o cmTC_4d272 -rdynamic 
make[1]: Leaving directory '/home/droid/Downloads/833fp/eigen-eigen-323c052e1731/build/CMakeFiles/CMakeTmp'

Source file was:
int main() { return 0; }
Performing C++ SOURCE FILE Test COMPILER_SUPPORT_Wall succeeded with the following output:
Change Dir: /home/droid/Downloads/833fp/eigen-eigen-323c052e1731/build/CMakeFiles/CMakeTmp

Run Build Command:"/usr/bin/make" "cmTC_97987/fast"
/usr/bin/make -f CMakeFiles/cmTC_97987.dir/build.make CMakeFiles/cmTC_97987.dir/build
make[1]: Entering directory '/home/droid/Downloads/833fp/eigen-eigen-323c052e1731/build/CMakeFiles/CMakeTmp'
Building CXX object CMakeFiles/cmTC_97987.dir/src.cxx.o
/usr/bin/c++     -std=c++03 -pedantic -DCOMPILER_SUPPORT_Wall -Werror   -Wall -o CMakeFiles/cmTC_97987.dir/src.cxx.o -c /home/droid/Downloads/833fp/eigen-eigen-323c052e1731/build/CMakeFiles/CMakeTmp/src.cxx
Linking CXX executable cmTC_97987
/usr/bin/cmake -E cmake_link_script CMakeFiles/cmTC_97987.dir/link.txt --verbose=1
/usr/bin/c++    -std=c++03 -pedantic -DCOMPILER_SUPPORT_Wall -Werror    CMakeFiles/cmTC_97987.dir/src.cxx.o  -o cmTC_97987 -rdynamic 
make[1]: Leaving directory '/home/droid/Downloads/833fp/eigen-eigen-323c052e1731/build/CMakeFiles/CMakeTmp'

Source file was:
int main() { return 0; }
Performing C++ SOURCE FILE Test COMPILER_SUPPORT_Wextra succeeded with the following output:
Change Dir: /home/droid/Downloads/833fp/eigen-eigen-323c052e1731/build/CMakeFiles/CMakeTmp

Run Build Command:"/usr/bin/make" "cmTC_31005/fast"
/usr/bin/make -f CMakeFiles/cmTC_31005.dir/build.make CMakeFiles/cmTC_31005.dir/build
make[1]: Entering directory '/home/droid/Downloads/833fp/eigen-eigen-323c052e1731/build/CMakeFiles/CMakeTmp'
Building CXX object CMakeFiles/cmTC_31005.dir/src.cxx.o
/usr/bin/c++     -std=c++03 -pedantic -Wall -DCOMPILER_SUPPORT_Wextra -Werror   -Wextra -o CMakeFiles/cmTC_31005.dir/src.cxx.o -c /home/droid/Downloads/833fp/eigen-eigen-323c052e1731/build/CMakeFiles/CMakeTmp/src.cxx
Linking CXX executable cmTC_31005
/usr/bin/cmake -E cmake_link_script CMakeFiles/cmTC_31005.dir/link.txt --verbose=1
/usr/bin/c++    -std=c++03 -pedantic -Wall -DCOMPILER_SUPPORT_Wextra -Werror    CMakeFiles/cmTC_31005.dir/src.cxx.o  -o cmTC_31005 -rdynamic 
make[1]: Leaving directory '/home/droid/Downloads/833fp/eigen-eigen-323c052e1731/build/CMakeFiles/CMakeTmp'

Source file was:
int main() { return 0; }
Performing C++ SOURCE FILE Test COMPILER_SUPPORT_Wundef succeeded with the following output:
Change Dir: /home/droid/Downloads/833fp/eigen-eigen-323c052e1731/build/CMakeFiles/CMakeTmp

Run Build Command:"/usr/bin/make" "cmTC_6f822/fast"
/usr/bin/make -f CMakeFiles/cmTC_6f822.dir/build.make CMakeFiles/cmTC_6f822.dir/build
make[1]: Entering directory '/home/droid/Downloads/833fp/eigen-eigen-323c052e1731/build/CMakeFiles/CMakeTmp'
Building CXX object CMakeFiles/cmTC_6f822.dir/src.cxx.o
/usr/bin/c++     -std=c++03 -pedantic -Wall -Wextra -DCOMPILER_SUPPORT_Wundef -Werror   -Wundef -o CMakeFiles/cmTC_6f822.dir/src.cxx.o -c /home/droid/Downloads/833fp/eigen-eigen-323c052e1731/build/CMakeFiles/CMakeTmp/src.cxx
Linking CXX executable cmTC_6f822
/usr/bin/cmake -E cmake_link_script CMakeFiles/cmTC_6f822.dir/link.txt --verbose=1
/usr/bin/c++    -std=c++03 -pedantic -Wall -Wextra -DCOMPILER_SUPPORT_Wundef -Werror    CMakeFiles/cmTC_6f822.dir/src.cxx.o  -o cmTC_6f822 -rdynamic 
make[1]: Leaving directory '/home/droid/Downloads/833fp/eigen-eigen-323c052e1731/build/CMakeFiles/CMakeTmp'

Source file was:
int main() { return 0; }
Performing C++ SOURCE FILE Test COMPILER_SUPPORT_Wcastalign succeeded with the following output:
Change Dir: /home/droid/Downloads/833fp/eigen-eigen-323c052e1731/build/CMakeFiles/CMakeTmp

Run Build Command:"/usr/bin/make" "cmTC_e5c2f/fast"
/usr/bin/make -f CMakeFiles/cmTC_e5c2f.dir/build.make CMakeFiles/cmTC_e5c2f.dir/build
make[1]: Entering directory '/home/droid/Downloads/833fp/eigen-eigen-323c052e1731/build/CMakeFiles/CMakeTmp'
Building CXX object CMakeFiles/cmTC_e5c2f.dir/src.cxx.o
/usr/bin/c++     -std=c++03 -pedantic -Wall -Wextra -Wundef -DCOMPILER_SUPPORT_Wcastalign -Werror   -Wcast-align -o CMakeFiles/cmTC_e5c2f.dir/src.cxx.o -c /home/droid/Downloads/833fp/eigen-eigen-323c052e1731/build/CMakeFiles/CMakeTmp/src.cxx
Linking CXX executable cmTC_e5c2f
/usr/bin/cmake -E cmake_link_script CMakeFiles/cmTC_e5c2f.dir/link.txt --verbose=1
/usr/bin/c++    -std=c++03 -pedantic -Wall -Wextra -Wundef -DCOMPILER_SUPPORT_Wcastalign -Werror    CMakeFiles/cmTC_e5c2f.dir/src.cxx.o  -o cmTC_e5c2f -rdynamic 
make[1]: Leaving directory '/home/droid/Downloads/833fp/eigen-eigen-323c052e1731/build/CMakeFiles/CMakeTmp'

Source file was:
int main() { return 0; }
Performing C++ SOURCE FILE Test COMPILER_SUPPORT_Wcharsubscripts succeeded with the following output:
Change Dir: /home/droid/Downloads/833fp/eigen-eigen-323c052e1731/build/CMakeFiles/CMakeTmp

Run Build Command:"/usr/bin/make" "cmTC_585cf/fast"
/usr/bin/make -f CMakeFiles/cmTC_585cf.dir/build.make CMakeFiles/cmTC_585cf.dir/build
make[1]: Entering directory '/home/droid/Downloads/833fp/eigen-eigen-323c052e1731/build/CMakeFiles/CMakeTmp'
Building CXX object CMakeFiles/cmTC_585cf.dir/src.cxx.o
/usr/bin/c++     -std=c++03 -pedantic -Wall -Wextra -Wundef -Wcast-align -DCOMPILER_SUPPORT_Wcharsubscripts -Werror   -Wchar-subscripts -o CMakeFiles/cmTC_585cf.dir/src.cxx.o -c /home/droid/Downloads/833fp/eigen-eigen-323c052e1731/build/CMakeFiles/CMakeTmp/src.cxx
Linking CXX executable cmTC_585cf
/usr/bin/cmake -E cmake_link_script CMakeFiles/cmTC_585cf.dir/link.txt --verbose=1
/usr/bin/c++    -std=c++03 -pedantic -Wall -Wextra -Wundef -Wcast-align -DCOMPILER_SUPPORT_Wcharsubscripts -Werror    CMakeFiles/cmTC_585cf.dir/src.cxx.o  -o cmTC_585cf -rdynamic 
make[1]: Leaving directory '/home/droid/Downloads/833fp/eigen-eigen-323c052e1731/build/CMakeFiles/CMakeTmp'

Source file was:
int main() { return 0; }
Performing C++ SOURCE FILE Test COMPILER_SUPPORT_Wnonvirtualdtor succeeded with the following output:
Change Dir: /home/droid/Downloads/833fp/eigen-eigen-323c052e1731/build/CMakeFiles/CMakeTmp

Run Build Command:"/usr/bin/make" "cmTC_3b164/fast"
/usr/bin/make -f CMakeFiles/cmTC_3b164.dir/build.make CMakeFiles/cmTC_3b164.dir/build
make[1]: Entering directory '/home/droid/Downloads/833fp/eigen-eigen-323c052e1731/build/CMakeFiles/CMakeTmp'
Building CXX object CMakeFiles/cmTC_3b164.dir/src.cxx.o
/usr/bin/c++     -std=c++03 -pedantic -Wall -Wextra -Wundef -Wcast-align -Wchar-subscripts -DCOMPILER_SUPPORT_Wnonvirtualdtor -Werror   -Wnon-virtual-dtor -o CMakeFiles/cmTC_3b164.dir/src.cxx.o -c /home/droid/Downloads/833fp/eigen-eigen-323c052e1731/build/CMakeFiles/CMakeTmp/src.cxx
Linking CXX executable cmTC_3b164
/usr/bin/cmake -E cmake_link_script CMakeFiles/cmTC_3b164.dir/link.txt --verbose=1
/usr/bin/c++    -std=c++03 -pedantic -Wall -Wextra -Wundef -Wcast-align -Wchar-subscripts -DCOMPILER_SUPPORT_Wnonvirtualdtor -Werror    CMakeFiles/cmTC_3b164.dir/src.cxx.o  -o cmTC_3b164 -rdynamic 
make[1]: Leaving directory '/home/droid/Downloads/833fp/eigen-eigen-323c052e1731/build/CMakeFiles/CMakeTmp'

Source file was:
int main() { return 0; }
Performing C++ SOURCE FILE Test COMPILER_SUPPORT_Wunusedlocaltypedefs succeeded with the following output:
Change Dir: /home/droid/Downloads/833fp/eigen-eigen-323c052e1731/build/CMakeFiles/CMakeTmp

Run Build Command:"/usr/bin/make" "cmTC_f085d/fast"
/usr/bin/make -f CMakeFiles/cmTC_f085d.dir/build.make CMakeFiles/cmTC_f085d.dir/build
make[1]: Entering directory '/home/droid/Downloads/833fp/eigen-eigen-323c052e1731/build/CMakeFiles/CMakeTmp'
Building CXX object CMakeFiles/cmTC_f085d.dir/src.cxx.o
/usr/bin/c++     -std=c++03 -pedantic -Wall -Wextra -Wundef -Wcast-align -Wchar-subscripts -Wnon-virtual-dtor -DCOMPILER_SUPPORT_Wunusedlocaltypedefs -Werror   -Wunused-local-typedefs -o CMakeFiles/cmTC_f085d.dir/src.cxx.o -c /home/droid/Downloads/833fp/eigen-eigen-323c052e1731/build/CMakeFiles/CMakeTmp/src.cxx
Linking CXX executable cmTC_f085d
/usr/bin/cmake -E cmake_link_script CMakeFiles/cmTC_f085d.dir/link.txt --verbose=1
/usr/bin/c++    -std=c++03 -pedantic -Wall -Wextra -Wundef -Wcast-align -Wchar-subscripts -Wnon-virtual-dtor -DCOMPILER_SUPPORT_Wunusedlocaltypedefs -Werror    CMakeFiles/cmTC_f085d.dir/src.cxx.o  -o cmTC_f085d -rdynamic 
make[1]: Leaving directory '/home/droid/Downloads/833fp/eigen-eigen-323c052e1731/build/CMakeFiles/CMakeTmp'

Source file was:
int main() { return 0; }
Performing C++ SOURCE FILE Test COMPILER_SUPPORT_Wpointerarith succeeded with the following output:
Change Dir: /home/droid/Downloads/833fp/eigen-eigen-323c052e1731/build/CMakeFiles/CMakeTmp

Run Build Command:"/usr/bin/make" "cmTC_bced3/fast"
/usr/bin/make -f CMakeFiles/cmTC_bced3.dir/build.make CMakeFiles/cmTC_bced3.dir/build
make[1]: Entering directory '/home/droid/Downloads/833fp/eigen-eigen-323c052e1731/build/CMakeFiles/CMakeTmp'
Building CXX object CMakeFiles/cmTC_bced3.dir/src.cxx.o
/usr/bin/c++     -std=c++03 -pedantic -Wall -Wextra -Wundef -Wcast-align -Wchar-subscripts -Wnon-virtual-dtor -Wunused-local-typedefs -DCOMPILER_SUPPORT_Wpointerarith -Werror   -Wpointer-arith -o CMakeFiles/cmTC_bced3.dir/src.cxx.o -c /home/droid/Downloads/833fp/eigen-eigen-323c052e1731/build/CMakeFiles/CMakeTmp/src.cxx
Linking CXX executable cmTC_bced3
/usr/bin/cmake -E cmake_link_script CMakeFiles/cmTC_bced3.dir/link.txt --verbose=1
/usr/bin/c++    -std=c++03 -pedantic -Wall -Wextra -Wundef -Wcast-align -Wchar-subscripts -Wnon-virtual-dtor -Wunused-local-typedefs -DCOMPILER_SUPPORT_Wpointerarith -Werror    CMakeFiles/cmTC_bced3.dir/src.cxx.o  -o cmTC_bced3 -rdynamic 
make[1]: Leaving directory '/home/droid/Downloads/833fp/eigen-eigen-323c052e1731/build/CMakeFiles/CMakeTmp'

Source file was:
int main() { return 0; }
Performing C++ SOURCE FILE Test COMPILER_SUPPORT_Wwritestrings succeeded with the following output:
Change Dir: /home/droid/Downloads/833fp/eigen-eigen-323c052e1731/build/CMakeFiles/CMakeTmp

Run Build Command:"/usr/bin/make" "cmTC_598ce/fast"
/usr/bin/make -f CMakeFiles/cmTC_598ce.dir/build.make CMakeFiles/cmTC_598ce.dir/build
make[1]: Entering directory '/home/droid/Downloads/833fp/eigen-eigen-323c052e1731/build/CMakeFiles/CMakeTmp'
Building CXX object CMakeFiles/cmTC_598ce.dir/src.cxx.o
/usr/bin/c++     -std=c++03 -pedantic -Wall -Wextra -Wundef -Wcast-align -Wchar-subscripts -Wnon-virtual-dtor -Wunused-local-typedefs -Wpointer-arith -DCOMPILER_SUPPORT_Wwritestrings -Werror   -Wwrite-strings -o CMakeFiles/cmTC_598ce.dir/src.cxx.o -c /home/droid/Downloads/833fp/eigen-eigen-323c052e1731/build/CMakeFiles/CMakeTmp/src.cxx
Linking CXX executable cmTC_598ce
/usr/bin/cmake -E cmake_link_script CMakeFiles/cmTC_598ce.dir/link.txt --verbose=1
/usr/bin/c++    -std=c++03 -pedantic -Wall -Wextra -Wundef -Wcast-align -Wchar-subscripts -Wnon-virtual-dtor -Wunused-local-typedefs -Wpointer-arith -DCOMPILER_SUPPORT_Wwritestrings -Werror    CMakeFiles/cmTC_598ce.dir/src.cxx.o  -o cmTC_598ce -rdynamic 
make[1]: Leaving directory '/home/droid/Downloads/833fp/eigen-eigen-323c052e1731/build/CMakeFiles/CMakeTmp'

Source file was:
int main() { return 0; }
Performing C++ SOURCE FILE Test COMPILER_SUPPORT_Wformatsecurity succeeded with the following output:
Change Dir: /home/droid/Downloads/833fp/eigen-eigen-323c052e1731/build/CMakeFiles/CMakeTmp

Run Build Command:"/usr/bin/make" "cmTC_49149/fast"
/usr/bin/make -f CMakeFiles/cmTC_49149.dir/build.make CMakeFiles/cmTC_49149.dir/build
make[1]: Entering directory '/home/droid/Downloads/833fp/eigen-eigen-323c052e1731/build/CMakeFiles/CMakeTmp'
Building CXX object CMakeFiles/cmTC_49149.dir/src.cxx.o
/usr/bin/c++     -std=c++03 -pedantic -Wall -Wextra -Wundef -Wcast-align -Wchar-subscripts -Wnon-virtual-dtor -Wunused-local-typedefs -Wpointer-arith -Wwrite-strings -DCOMPILER_SUPPORT_Wformatsecurity -Werror   -Wformat-security -o CMakeFiles/cmTC_49149.dir/src.cxx.o -c /home/droid/Downloads/833fp/eigen-eigen-323c052e1731/build/CMakeFiles/CMakeTmp/src.cxx
Linking CXX executable cmTC_49149
/usr/bin/cmake -E cmake_link_script CMakeFiles/cmTC_49149.dir/link.txt --verbose=1
/usr/bin/c++    -std=c++03 -pedantic -Wall -Wextra -Wundef -Wcast-align -Wchar-subscripts -Wnon-virtual-dtor -Wunused-local-typedefs -Wpointer-arith -Wwrite-strings -DCOMPILER_SUPPORT_Wformatsecurity -Werror    CMakeFiles/cmTC_49149.dir/src.cxx.o  -o cmTC_49149 -rdynamic 
make[1]: Leaving directory '/home/droid/Downloads/833fp/eigen-eigen-323c052e1731/build/CMakeFiles/CMakeTmp'

Source file was:
int main() { return 0; }
Performing C++ SOURCE FILE Test COMPILER_SUPPORT_Wlogicalop succeeded with the following output:
Change Dir: /home/droid/Downloads/833fp/eigen-eigen-323c052e1731/build/CMakeFiles/CMakeTmp

Run Build Command:"/usr/bin/make" "cmTC_3fd2b/fast"
/usr/bin/make -f CMakeFiles/cmTC_3fd2b.dir/build.make CMakeFiles/cmTC_3fd2b.dir/build
make[1]: Entering directory '/home/droid/Downloads/833fp/eigen-eigen-323c052e1731/build/CMakeFiles/CMakeTmp'
Building CXX object CMakeFiles/cmTC_3fd2b.dir/src.cxx.o
/usr/bin/c++     -std=c++03 -pedantic -Wall -Wextra -Wundef -Wcast-align -Wchar-subscripts -Wnon-virtual-dtor -Wunused-local-typedefs -Wpointer-arith -Wwrite-strings -Wformat-security -DCOMPILER_SUPPORT_Wlogicalop -Werror   -Wlogical-op -o CMakeFiles/cmTC_3fd2b.dir/src.cxx.o -c /home/droid/Downloads/833fp/eigen-eigen-323c052e1731/build/CMakeFiles/CMakeTmp/src.cxx
Linking CXX executable cmTC_3fd2b
/usr/bin/cmake -E cmake_link_script CMakeFiles/cmTC_3fd2b.dir/link.txt --verbose=1
/usr/bin/c++    -std=c++03 -pedantic -Wall -Wextra -Wundef -Wcast-align -Wchar-subscripts -Wnon-virtual-dtor -Wunused-local-typedefs -Wpointer-arith -Wwrite-strings -Wformat-security -DCOMPILER_SUPPORT_Wlogicalop -Werror    CMakeFiles/cmTC_3fd2b.dir/src.cxx.o  -o cmTC_3fd2b -rdynamic 
make[1]: Leaving directory '/home/droid/Downloads/833fp/eigen-eigen-323c052e1731/build/CMakeFiles/CMakeTmp'

Source file was:
int main() { return 0; }
Performing C++ SOURCE FILE Test COMPILER_SUPPORT_Wdoublepromotion succeeded with the following output:
Change Dir: /home/droid/Downloads/833fp/eigen-eigen-323c052e1731/build/CMakeFiles/CMakeTmp

Run Build Command:"/usr/bin/make" "cmTC_385f9/fast"
/usr/bin/make -f CMakeFiles/cmTC_385f9.dir/build.make CMakeFiles/cmTC_385f9.dir/build
make[1]: Entering directory '/home/droid/Downloads/833fp/eigen-eigen-323c052e1731/build/CMakeFiles/CMakeTmp'
Building CXX object CMakeFiles/cmTC_385f9.dir/src.cxx.o
/usr/bin/c++     -std=c++03 -pedantic -Wall -Wextra -Wundef -Wcast-align -Wchar-subscripts -Wnon-virtual-dtor -Wunused-local-typedefs -Wpointer-arith -Wwrite-strings -Wformat-security -Wlogical-op -DCOMPILER_SUPPORT_Wdoublepromotion -Werror   -Wdouble-promotion -o CMakeFiles/cmTC_385f9.dir/src.cxx.o -c /home/droid/Downloads/833fp/eigen-eigen-323c052e1731/build/CMakeFiles/CMakeTmp/src.cxx
Linking CXX executable cmTC_385f9
/usr/bin/cmake -E cmake_link_script CMakeFiles/cmTC_385f9.dir/link.txt --verbose=1
/usr/bin/c++    -std=c++03 -pedantic -Wall -Wextra -Wundef -Wcast-align -Wchar-subscripts -Wnon-virtual-dtor -Wunused-local-typedefs -Wpointer-arith -Wwrite-strings -Wformat-security -Wlogical-op -DCOMPILER_SUPPORT_Wdoublepromotion -Werror    CMakeFiles/cmTC_385f9.dir/src.cxx.o  -o cmTC_385f9 -rdynamic 
make[1]: Leaving directory '/home/droid/Downloads/833fp/eigen-eigen-323c052e1731/build/CMakeFiles/CMakeTmp'

Source file was:
int main() { return 0; }
Performing C++ SOURCE FILE Test COMPILER_SUPPORT_Wnopsabi succeeded with the following output:
Change Dir: /home/droid/Downloads/833fp/eigen-eigen-323c052e1731/build/CMakeFiles/CMakeTmp

Run Build Command:"/usr/bin/make" "cmTC_2da6b/fast"
/usr/bin/make -f CMakeFiles/cmTC_2da6b.dir/build.make CMakeFiles/cmTC_2da6b.dir/build
make[1]: Entering directory '/home/droid/Downloads/833fp/eigen-eigen-323c052e1731/build/CMakeFiles/CMakeTmp'
Building CXX object CMakeFiles/cmTC_2da6b.dir/src.cxx.o
/usr/bin/c++     -std=c++03 -pedantic -Wall -Wextra -Wundef -Wcast-align -Wchar-subscripts -Wnon-virtual-dtor -Wunused-local-typedefs -Wpointer-arith -Wwrite-strings -Wformat-security -Wlogical-op -Wdouble-promotion -DCOMPILER_SUPPORT_Wnopsabi -Werror   -Wno-psabi -o CMakeFiles/cmTC_2da6b.dir/src.cxx.o -c /home/droid/Downloads/833fp/eigen-eigen-323c052e1731/build/CMakeFiles/CMakeTmp/src.cxx
Linking CXX executable cmTC_2da6b
/usr/bin/cmake -E cmake_link_script CMakeFiles/cmTC_2da6b.dir/link.txt --verbose=1
/usr/bin/c++    -std=c++03 -pedantic -Wall -Wextra -Wundef -Wcast-align -Wchar-subscripts -Wnon-virtual-dtor -Wunused-local-typedefs -Wpointer-arith -Wwrite-strings -Wformat-security -Wlogical-op -Wdouble-promotion -DCOMPILER_SUPPORT_Wnopsabi -Werror    CMakeFiles/cmTC_2da6b.dir/src.cxx.o  -o cmTC_2da6b -rdynamic 
make[1]: Leaving directory '/home/droid/Downloads/833fp/eigen-eigen-323c052e1731/build/CMakeFiles/CMakeTmp'

Source file was:
int main() { return 0; }
Performing C++ SOURCE FILE Test COMPILER_SUPPORT_Wnovariadicmacros succeeded with the following output:
Change Dir: /home/droid/Downloads/833fp/eigen-eigen-323c052e1731/build/CMakeFiles/CMakeTmp

Run Build Command:"/usr/bin/make" "cmTC_05861/fast"
/usr/bin/make -f CMakeFiles/cmTC_05861.dir/build.make CMakeFiles/cmTC_05861.dir/build
make[1]: Entering directory '/home/droid/Downloads/833fp/eigen-eigen-323c052e1731/build/CMakeFiles/CMakeTmp'
Building CXX object CMakeFiles/cmTC_05861.dir/src.cxx.o
/usr/bin/c++     -std=c++03 -pedantic -Wall -Wextra -Wundef -Wcast-align -Wchar-subscripts -Wnon-virtual-dtor -Wunused-local-typedefs -Wpointer-arith -Wwrite-strings -Wformat-security -Wlogical-op -Wdouble-promotion -Wno-psabi -DCOMPILER_SUPPORT_Wnovariadicmacros -Werror   -Wno-variadic-macros -o CMakeFiles/cmTC_05861.dir/src.cxx.o -c /home/droid/Downloads/833fp/eigen-eigen-323c052e1731/build/CMakeFiles/CMakeTmp/src.cxx
Linking CXX executable cmTC_05861
/usr/bin/cmake -E cmake_link_script CMakeFiles/cmTC_05861.dir/link.txt --verbose=1
/usr/bin/c++    -std=c++03 -pedantic -Wall -Wextra -Wundef -Wcast-align -Wchar-subscripts -Wnon-virtual-dtor -Wunused-local-typedefs -Wpointer-arith -Wwrite-strings -Wformat-security -Wlogical-op -Wdouble-promotion -Wno-psabi -DCOMPILER_SUPPORT_Wnovariadicmacros -Werror    CMakeFiles/cmTC_05861.dir/src.cxx.o  -o cmTC_05861 -rdynamic 
make[1]: Leaving directory '/home/droid/Downloads/833fp/eigen-eigen-323c052e1731/build/CMakeFiles/CMakeTmp'

Source file was:
int main() { return 0; }
Performing C++ SOURCE FILE Test COMPILER_SUPPORT_Wnolonglong succeeded with the following output:
Change Dir: /home/droid/Downloads/833fp/eigen-eigen-323c052e1731/build/CMakeFiles/CMakeTmp

Run Build Command:"/usr/bin/make" "cmTC_d35de/fast"
/usr/bin/make -f CMakeFiles/cmTC_d35de.dir/build.make CMakeFiles/cmTC_d35de.dir/build
make[1]: Entering directory '/home/droid/Downloads/833fp/eigen-eigen-323c052e1731/build/CMakeFiles/CMakeTmp'
Building CXX object CMakeFiles/cmTC_d35de.dir/src.cxx.o
/usr/bin/c++     -std=c++03 -pedantic -Wall -Wextra -Wundef -Wcast-align -Wchar-subscripts -Wnon-virtual-dtor -Wunused-local-typedefs -Wpointer-arith -Wwrite-strings -Wformat-security -Wlogical-op -Wdouble-promotion -Wno-psabi -Wno-variadic-macros -DCOMPILER_SUPPORT_Wnolonglong -Werror   -Wno-long-long -o CMakeFiles/cmTC_d35de.dir/src.cxx.o -c /home/droid/Downloads/833fp/eigen-eigen-323c052e1731/build/CMakeFiles/CMakeTmp/src.cxx
Linking CXX executable cmTC_d35de
/usr/bin/cmake -E cmake_link_script CMakeFiles/cmTC_d35de.dir/link.txt --verbose=1
/usr/bin/c++    -std=c++03 -pedantic -Wall -Wextra -Wundef -Wcast-align -Wchar-subscripts -Wnon-virtual-dtor -Wunused-local-typedefs -Wpointer-arith -Wwrite-strings -Wformat-security -Wlogical-op -Wdouble-promotion -Wno-psabi -Wno-variadic-macros -DCOMPILER_SUPPORT_Wnolonglong -Werror    CMakeFiles/cmTC_d35de.dir/src.cxx.o  -o cmTC_d35de -rdynamic 
make[1]: Leaving directory '/home/droid/Downloads/833fp/eigen-eigen-323c052e1731/build/CMakeFiles/CMakeTmp'

Source file was:
int main() { return 0; }
Performing C++ SOURCE FILE Test COMPILER_SUPPORT_fnochecknew succeeded with the following output:
Change Dir: /home/droid/Downloads/833fp/eigen-eigen-323c052e1731/build/CMakeFiles/CMakeTmp

Run Build Command:"/usr/bin/make" "cmTC_94385/fast"
/usr/bin/make -f CMakeFiles/cmTC_94385.dir/build.make CMakeFiles/cmTC_94385.dir/build
make[1]: Entering directory '/home/droid/Downloads/833fp/eigen-eigen-323c052e1731/build/CMakeFiles/CMakeTmp'
Building CXX object CMakeFiles/cmTC_94385.dir/src.cxx.o
/usr/bin/c++     -std=c++03 -pedantic -Wall -Wextra -Wundef -Wcast-align -Wchar-subscripts -Wnon-virtual-dtor -Wunused-local-typedefs -Wpointer-arith -Wwrite-strings -Wformat-security -Wlogical-op -Wdouble-promotion -Wno-psabi -Wno-variadic-macros -Wno-long-long -DCOMPILER_SUPPORT_fnochecknew -Werror   -fno-check-new -o CMakeFiles/cmTC_94385.dir/src.cxx.o -c /home/droid/Downloads/833fp/eigen-eigen-323c052e1731/build/CMakeFiles/CMakeTmp/src.cxx
Linking CXX executable cmTC_94385
/usr/bin/cmake -E cmake_link_script CMakeFiles/cmTC_94385.dir/link.txt --verbose=1
/usr/bin/c++    -std=c++03 -pedantic -Wall -Wextra -Wundef -Wcast-align -Wchar-subscripts -Wnon-virtual-dtor -Wunused-local-typedefs -Wpointer-arith -Wwrite-strings -Wformat-security -Wlogical-op -Wdouble-promotion -Wno-psabi -Wno-variadic-macros -Wno-long-long -DCOMPILER_SUPPORT_fnochecknew -Werror    CMakeFiles/cmTC_94385.dir/src.cxx.o  -o cmTC_94385 -rdynamic 
make[1]: Leaving directory '/home/droid/Downloads/833fp/eigen-eigen-323c052e1731/build/CMakeFiles/CMakeTmp'

Source file was:
int main() { return 0; }
Performing C++ SOURCE FILE Test COMPILER_SUPPORT_fnocommon succeeded with the following output:
Change Dir: /home/droid/Downloads/833fp/eigen-eigen-323c052e1731/build/CMakeFiles/CMakeTmp

Run Build Command:"/usr/bin/make" "cmTC_449d5/fast"
/usr/bin/make -f CMakeFiles/cmTC_449d5.dir/build.make CMakeFiles/cmTC_449d5.dir/build
make[1]: Entering directory '/home/droid/Downloads/833fp/eigen-eigen-323c052e1731/build/CMakeFiles/CMakeTmp'
Building CXX object CMakeFiles/cmTC_449d5.dir/src.cxx.o
/usr/bin/c++     -std=c++03 -pedantic -Wall -Wextra -Wundef -Wcast-align -Wchar-subscripts -Wnon-virtual-dtor -Wunused-local-typedefs -Wpointer-arith -Wwrite-strings -Wformat-security -Wlogical-op -Wdouble-promotion -Wno-psabi -Wno-variadic-macros -Wno-long-long -fno-check-new -DCOMPILER_SUPPORT_fnocommon -Werror   -fno-common -o CMakeFiles/cmTC_449d5.dir/src.cxx.o -c /home/droid/Downloads/833fp/eigen-eigen-323c052e1731/build/CMakeFiles/CMakeTmp/src.cxx
Linking CXX executable cmTC_449d5
/usr/bin/cmake -E cmake_link_script CMakeFiles/cmTC_449d5.dir/link.txt --verbose=1
/usr/bin/c++    -std=c++03 -pedantic -Wall -Wextra -Wundef -Wcast-align -Wchar-subscripts -Wnon-virtual-dtor -Wunused-local-typedefs -Wpointer-arith -Wwrite-strings -Wformat-security -Wlogical-op -Wdouble-promotion -Wno-psabi -Wno-variadic-macros -Wno-long-long -fno-check-new -DCOMPILER_SUPPORT_fnocommon -Werror    CMakeFiles/cmTC_449d5.dir/src.cxx.o  -o cmTC_449d5 -rdynamic 
make[1]: Leaving directory '/home/droid/Downloads/833fp/eigen-eigen-323c052e1731/build/CMakeFiles/CMakeTmp'

Source file was:
int main() { return 0; }
Performing C++ SOURCE FILE Test COMPILER_SUPPORT_fstrictaliasing succeeded with the following output:
Change Dir: /home/droid/Downloads/833fp/eigen-eigen-323c052e1731/build/CMakeFiles/CMakeTmp

Run Build Command:"/usr/bin/make" "cmTC_b220d/fast"
/usr/bin/make -f CMakeFiles/cmTC_b220d.dir/build.make CMakeFiles/cmTC_b220d.dir/build
make[1]: Entering directory '/home/droid/Downloads/833fp/eigen-eigen-323c052e1731/build/CMakeFiles/CMakeTmp'
Building CXX object CMakeFiles/cmTC_b220d.dir/src.cxx.o
/usr/bin/c++     -std=c++03 -pedantic -Wall -Wextra -Wundef -Wcast-align -Wchar-subscripts -Wnon-virtual-dtor -Wunused-local-typedefs -Wpointer-arith -Wwrite-strings -Wformat-security -Wlogical-op -Wdouble-promotion -Wno-psabi -Wno-variadic-macros -Wno-long-long -fno-check-new -fno-common -DCOMPILER_SUPPORT_fstrictaliasing -Werror   -fstrict-aliasing -o CMakeFiles/cmTC_b220d.dir/src.cxx.o -c /home/droid/Downloads/833fp/eigen-eigen-323c052e1731/build/CMakeFiles/CMakeTmp/src.cxx
Linking CXX executable cmTC_b220d
/usr/bin/cmake -E cmake_link_script CMakeFiles/cmTC_b220d.dir/link.txt --verbose=1
/usr/bin/c++    -std=c++03 -pedantic -Wall -Wextra -Wundef -Wcast-align -Wchar-subscripts -Wnon-virtual-dtor -Wunused-local-typedefs -Wpointer-arith -Wwrite-strings -Wformat-security -Wlogical-op -Wdouble-promotion -Wno-psabi -Wno-variadic-macros -Wno-long-long -fno-check-new -fno-common -DCOMPILER_SUPPORT_fstrictaliasing -Werror    CMakeFiles/cmTC_b220d.dir/src.cxx.o  -o cmTC_b220d -rdynamic 
make[1]: Leaving directory '/home/droid/Downloads/833fp/eigen-eigen-323c052e1731/build/CMakeFiles/CMakeTmp'

Source file was:
int main() { return 0; }
Performing C++ SOURCE FILE Test COMPILER_SUPPORT_ansi succeeded with the following output:
Change Dir: /home/droid/Downloads/833fp/eigen-eigen-323c052e1731/build/CMakeFiles/CMakeTmp

Run Build Command:"/usr/bin/make" "cmTC_80daf/fast"
/usr/bin/make -f CMakeFiles/cmTC_80daf.dir/build.make CMakeFiles/cmTC_80daf.dir/build
make[1]: Entering directory '/home/droid/Downloads/833fp/eigen-eigen-323c052e1731/build/CMakeFiles/CMakeTmp'
Building CXX object CMakeFiles/cmTC_80daf.dir/src.cxx.o
/usr/bin/c++     -std=c++03 -pedantic -Wall -Wextra -Wundef -Wcast-align -Wchar-subscripts -Wnon-virtual-dtor -Wunused-local-typedefs -Wpointer-arith -Wwrite-strings -Wformat-security -Wlogical-op -Wdouble-promotion -Wno-psabi -Wno-variadic-macros -Wno-long-long -fno-check-new -fno-common -fstrict-aliasing -DCOMPILER_SUPPORT_ansi -Werror   -ansi -o CMakeFiles/cmTC_80daf.dir/src.cxx.o -c /home/droid/Downloads/833fp/eigen-eigen-323c052e1731/build/CMakeFiles/CMakeTmp/src.cxx
Linking CXX executable cmTC_80daf
/usr/bin/cmake -E cmake_link_script CMakeFiles/cmTC_80daf.dir/link.txt --verbose=1
/usr/bin/c++    -std=c++03 -pedantic -Wall -Wextra -Wundef -Wcast-align -Wchar-subscripts -Wnon-virtual-dtor -Wunused-local-typedefs -Wpointer-arith -Wwrite-strings -Wformat-security -Wlogical-op -Wdouble-promotion -Wno-psabi -Wno-variadic-macros -Wno-long-long -fno-check-new -fno-common -fstrict-aliasing -DCOMPILER_SUPPORT_ansi -Werror    CMakeFiles/cmTC_80daf.dir/src.cxx.o  -o cmTC_80daf -rdynamic 
make[1]: Leaving directory '/home/droid/Downloads/833fp/eigen-eigen-323c052e1731/build/CMakeFiles/CMakeTmp'

Source file was:
int main() { return 0; }
Performing C++ SOURCE FILE Test COMPILER_SUPPORT_OPENMP succeeded with the following output:
Change Dir: /home/droid/Downloads/833fp/eigen-eigen-323c052e1731/build/CMakeFiles/CMakeTmp

Run Build Command:"/usr/bin/make" "cmTC_a4556/fast"
/usr/bin/make -f CMakeFiles/cmTC_a4556.dir/build.make CMakeFiles/cmTC_a4556.dir/build
make[1]: Entering directory '/home/droid/Downloads/833fp/eigen-eigen-323c052e1731/build/CMakeFiles/CMakeTmp'
Building CXX object CMakeFiles/cmTC_a4556.dir/src.cxx.o
/usr/bin/c++     -std=c++03 -pedantic -Wall -Wextra -Wundef -Wcast-align -Wchar-subscripts -Wnon-virtual-dtor -Wunused-local-typedefs -Wpointer-arith -Wwrite-strings -Wformat-security -Wlogical-op -Wdouble-promotion -Wno-psabi -Wno-variadic-macros -Wno-long-long -fno-check-new -fno-common -fstrict-aliasing -ansi -DCOMPILER_SUPPORT_OPENMP   -fopenmp -o CMakeFiles/cmTC_a4556.dir/src.cxx.o -c /home/droid/Downloads/833fp/eigen-eigen-323c052e1731/build/CMakeFiles/CMakeTmp/src.cxx
Linking CXX executable cmTC_a4556
/usr/bin/cmake -E cmake_link_script CMakeFiles/cmTC_a4556.dir/link.txt --verbose=1
/usr/bin/c++    -std=c++03 -pedantic -Wall -Wextra -Wundef -Wcast-align -Wchar-subscripts -Wnon-virtual-dtor -Wunused-local-typedefs -Wpointer-arith -Wwrite-strings -Wformat-security -Wlogical-op -Wdouble-promotion -Wno-psabi -Wno-variadic-macros -Wno-long-long -fno-check-new -fno-common -fstrict-aliasing -ansi -DCOMPILER_SUPPORT_OPENMP    CMakeFiles/cmTC_a4556.dir/src.cxx.o  -o cmTC_a4556 -rdynamic 
make[1]: Leaving directory '/home/droid/Downloads/833fp/eigen-eigen-323c052e1731/build/CMakeFiles/CMakeTmp'

Source file was:
int main() { return 0; }
Compiling the Fortran compiler identification source file "CMakeFortranCompilerId.F" succeeded.
Compiler: /usr/bin/gfortran 
Build flags: 
Id flags: -v

The output was:
0
Driving: /usr/bin/gfortran -v CMakeFortranCompilerId.F -l gfortran -l m -shared-libgcc
Using built-in specs.
COLLECT_GCC=/usr/bin/gfortran
COLLECT_LTO_WRAPPER=/usr/lib/gcc/x86_64-linux-gnu/5/lto-wrapper
Target: x86_64-linux-gnu
Configured with: ../src/configure -v --with-pkgversion='Ubuntu 5.4.0-6ubuntu1~16.04.11' --with-bugurl=file:///usr/share/doc/gcc-5/README.Bugs --enable-languages=c,ada,c++,java,go,d,fortran,objc,obj-c++ --prefix=/usr --program-suffix=-5 --enable-shared --enable-linker-build-id --libexecdir=/usr/lib --without-included-gettext --enable-threads=posix --libdir=/usr/lib --enable-nls --with-sysroot=/ --enable-clocale=gnu --enable-libstdcxx-debug --enable-libstdcxx-time=yes --with-default-libstdcxx-abi=new --enable-gnu-unique-object --disable-vtable-verify --enable-libmpx --enable-plugin --with-system-zlib --disable-browser-plugin --enable-java-awt=gtk --enable-gtk-cairo --with-java-home=/usr/lib/jvm/java-1.5.0-gcj-5-amd64/jre --enable-java-home --with-jvm-root-dir=/usr/lib/jvm/java-1.5.0-gcj-5-amd64 --with-jvm-jar-dir=/usr/lib/jvm-exports/java-1.5.0-gcj-5-amd64 --with-arch-directory=amd64 --with-ecj-jar=/usr/share/java/eclipse-ecj.jar --enable-objc-gc --enable-multiarch --disable-werror --with-arch-32=i686 --with-abi=m64 --with-multilib-list=m32,m64,mx32 --enable-multilib --with-tune=generic --enable-checking=release --build=x86_64-linux-gnu --host=x86_64-linux-gnu --target=x86_64-linux-gnu
Thread model: posix
gcc version 5.4.0 20160609 (Ubuntu 5.4.0-6ubuntu1~16.04.11) 
COLLECT_GCC_OPTIONS='-v' '-shared-libgcc' '-mtune=generic' '-march=x86-64'
 /usr/lib/gcc/x86_64-linux-gnu/5/f951 CMakeFortranCompilerId.F -ffixed-form -cpp=/tmp/cc5WEcvs.f90 -quiet -v -imultiarch x86_64-linux-gnu CMakeFortranCompilerId.F -quiet -dumpbase CMakeFortranCompilerId.F -mtune=generic -march=x86-64 -auxbase CMakeFortranCompilerId -version -fintrinsic-modules-path /usr/lib/gcc/x86_64-linux-gnu/5/finclude -o /tmp/ccQQGJJ4.s
GNU Fortran (Ubuntu 5.4.0-6ubuntu1~16.04.11) version 5.4.0 20160609 (x86_64-linux-gnu)
	compiled by GNU C version 5.4.0 20160609, GMP version 6.1.0, MPFR version 3.1.4, MPC version 1.0.3
GGC heuristics: --param ggc-min-expand=100 --param ggc-min-heapsize=131072
ignoring nonexistent directory "/usr/local/include/x86_64-linux-gnu"
ignoring nonexistent directory "/usr/lib/gcc/x86_64-linux-gnu/5/../../../../x86_64-linux-gnu/include"
#include "..." search starts here:
#include <...> search starts here:
 /usr/lib/gcc/x86_64-linux-gnu/5/finclude
 /usr/lib/gcc/x86_64-linux-gnu/5/include
 /usr/local/include
 /usr/lib/gcc/x86_64-linux-gnu/5/include-fixed
 /usr/include/x86_64-linux-gnu
 /usr/include
End of search list.
GNU Fortran2008 (Ubuntu 5.4.0-6ubuntu1~16.04.11) version 5.4.0 20160609 (x86_64-linux-gnu)
	compiled by GNU C version 5.4.0 20160609, GMP version 6.1.0, MPFR version 3.1.4, MPC version 1.0.3
GGC heuristics: --param ggc-min-expand=100 --param ggc-min-heapsize=131072
COLLECT_GCC_OPTIONS='-v' '-shared-libgcc' '-mtune=generic' '-march=x86-64'
 as -v --64 -o /tmp/ccEUtJ2G.o /tmp/ccQQGJJ4.s
GNU assembler version 2.26.1 (x86_64-linux-gnu) using BFD version (GNU Binutils for Ubuntu) 2.26.1
Reading specs from /usr/lib/gcc/x86_64-linux-gnu/5/libgfortran.spec
rename spec lib to liborig
COLLECT_GCC_OPTIONS='-v' '-shared-libgcc' '-mtune=generic' '-march=x86-64'
COMPILER_PATH=/usr/lib/gcc/x86_64-linux-gnu/5/:/usr/lib/gcc/x86_64-linux-gnu/5/:/usr/lib/gcc/x86_64-linux-gnu/:/usr/lib/gcc/x86_64-linux-gnu/5/:/usr/lib/gcc/x86_64-linux-gnu/
LIBRARY_PATH=/usr/lib/gcc/x86_64-linux-gnu/5/:/usr/lib/gcc/x86_64-linux-gnu/5/../../../x86_64-linux-gnu/:/usr/lib/gcc/x86_64-linux-gnu/5/../../../../lib/:/lib/x86_64-linux-gnu/:/lib/../lib/:/usr/lib/x86_64-linux-gnu/:/usr/lib/../lib/:/usr/lib/gcc/x86_64-linux-gnu/5/../../../:/lib/:/usr/lib/
COLLECT_GCC_OPTIONS='-v' '-shared-libgcc' '-mtune=generic' '-march=x86-64'
 /usr/lib/gcc/x86_64-linux-gnu/5/collect2 -plugin /usr/lib/gcc/x86_64-linux-gnu/5/liblto_plugin.so -plugin-opt=/usr/lib/gcc/x86_64-linux-gnu/5/lto-wrapper -plugin-opt=-fresolution=/tmp/ccKtEJmj.res -plugin-opt=-pass-through=-lgcc_s -plugin-opt=-pass-through=-lgcc -plugin-opt=-pass-through=-lquadmath -plugin-opt=-pass-through=-lm -plugin-opt=-pass-through=-lgcc_s -plugin-opt=-pass-through=-lgcc -plugin-opt=-pass-through=-lc -plugin-opt=-pass-through=-lgcc_s -plugin-opt=-pass-through=-lgcc --sysroot=/ --build-id --eh-frame-hdr -m elf_x86_64 --hash-style=gnu --as-needed -dynamic-linker /lib64/ld-linux-x86-64.so.2 -z relro /usr/lib/gcc/x86_64-linux-gnu/5/../../../x86_64-linux-gnu/crt1.o /usr/lib/gcc/x86_64-linux-gnu/5/../../../x86_64-linux-gnu/crti.o /usr/lib/gcc/x86_64-linux-gnu/5/crtbegin.o -L/usr/lib/gcc/x86_64-linux-gnu/5 -L/usr/lib/gcc/x86_64-linux-gnu/5/../../../x86_64-linux-gnu -L/usr/lib/gcc/x86_64-linux-gnu/5/../../../../lib -L/lib/x86_64-linux-gnu -L/lib/../lib -L/usr/lib/x86_64-linux-gnu -L/usr/lib/../lib -L/usr/lib/gcc/x86_64-linux-gnu/5/../../.. /tmp/ccEUtJ2G.o -lgfortran -lm -lgcc_s -lgcc -lquadmath -lm -lgcc_s -lgcc -lc -lgcc_s -lgcc /usr/lib/gcc/x86_64-linux-gnu/5/crtend.o /usr/lib/gcc/x86_64-linux-gnu/5/../../../x86_64-linux-gnu/crtn.o


Compilation of the Fortran compiler identification source "CMakeFortranCompilerId.F" produced "a.out"

The Fortran compiler identification is GNU, found in "/home/droid/Downloads/833fp/eigen-eigen-323c052e1731/build/CMakeFiles/3.5.1/CompilerIdFortran/a.out"

Determining if the Fortran compiler works passed with the following output:
Change Dir: /home/droid/Downloads/833fp/eigen-eigen-323c052e1731/build/CMakeFiles/CMakeTmp

Run Build Command:"/usr/bin/make" "cmTC_a8126/fast"
/usr/bin/make -f CMakeFiles/cmTC_a8126.dir/build.make CMakeFiles/cmTC_a8126.dir/build
make[1]: Entering directory '/home/droid/Downloads/833fp/eigen-eigen-323c052e1731/build/CMakeFiles/CMakeTmp'
Building Fortran object CMakeFiles/cmTC_a8126.dir/testFortranCompiler.f.o
/usr/bin/gfortran     -c /home/droid/Downloads/833fp/eigen-eigen-323c052e1731/build/CMakeFiles/CMakeTmp/testFortranCompiler.f -o CMakeFiles/cmTC_a8126.dir/testFortranCompiler.f.o
Linking Fortran executable cmTC_a8126
/usr/bin/cmake -E cmake_link_script CMakeFiles/cmTC_a8126.dir/link.txt --verbose=1
/usr/bin/gfortran       CMakeFiles/cmTC_a8126.dir/testFortranCompiler.f.o  -o cmTC_a8126  
make[1]: Leaving directory '/home/droid/Downloads/833fp/eigen-eigen-323c052e1731/build/CMakeFiles/CMakeTmp'


Detecting Fortran compiler ABI info compiled with the following output:
Change Dir: /home/droid/Downloads/833fp/eigen-eigen-323c052e1731/build/CMakeFiles/CMakeTmp

Run Build Command:"/usr/bin/make" "cmTC_1e042/fast"
/usr/bin/make -f CMakeFiles/cmTC_1e042.dir/build.make CMakeFiles/cmTC_1e042.dir/build
make[1]: Entering directory '/home/droid/Downloads/833fp/eigen-eigen-323c052e1731/build/CMakeFiles/CMakeTmp'
Building Fortran object CMakeFiles/cmTC_1e042.dir/CMakeFortranCompilerABI.F.o
/usr/bin/gfortran     -c /usr/share/cmake-3.5/Modules/CMakeFortranCompilerABI.F -o CMakeFiles/cmTC_1e042.dir/CMakeFortranCompilerABI.F.o
Linking Fortran executable cmTC_1e042
/usr/bin/cmake -E cmake_link_script CMakeFiles/cmTC_1e042.dir/link.txt --verbose=1
/usr/bin/gfortran    -v   CMakeFiles/cmTC_1e042.dir/CMakeFortranCompilerABI.F.o  -o cmTC_1e042   
Driving: /usr/bin/gfortran -v CMakeFiles/cmTC_1e042.dir/CMakeFortranCompilerABI.F.o -o cmTC_1e042 -l gfortran -l m -shared-libgcc
Using built-in specs.
COLLECT_GCC=/usr/bin/gfortran
COLLECT_LTO_WRAPPER=/usr/lib/gcc/x86_64-linux-gnu/5/lto-wrapper
Target: x86_64-linux-gnu
Configured with: ../src/configure -v --with-pkgversion='Ubuntu 5.4.0-6ubuntu1~16.04.11' --with-bugurl=file:///usr/share/doc/gcc-5/README.Bugs --enable-languages=c,ada,c++,java,go,d,fortran,objc,obj-c++ --prefix=/usr --program-suffix=-5 --enable-shared --enable-linker-build-id --libexecdir=/usr/lib --without-included-gettext --enable-threads=posix --libdir=/usr/lib --enable-nls --with-sysroot=/ --enable-clocale=gnu --enable-libstdcxx-debug --enable-libstdcxx-time=yes --with-default-libstdcxx-abi=new --enable-gnu-unique-object --disable-vtable-verify --enable-libmpx --enable-plugin --with-system-zlib --disable-browser-plugin --enable-java-awt=gtk --enable-gtk-cairo --with-java-home=/usr/lib/jvm/java-1.5.0-gcj-5-amd64/jre --enable-java-home --with-jvm-root-dir=/usr/lib/jvm/java-1.5.0-gcj-5-amd64 --with-jvm-jar-dir=/usr/lib/jvm-exports/java-1.5.0-gcj-5-amd64 --with-arch-directory=amd64 --with-ecj-jar=/usr/share/java/eclipse-ecj.jar --enable-objc-gc --enable-multiarch --disable-werror --with-arch-32=i686 --with-abi=m64 --with-multilib-list=m32,m64,mx32 --enable-multilib --with-tune=generic --enable-checking=release --build=x86_64-linux-gnu --host=x86_64-linux-gnu --target=x86_64-linux-gnu
Thread model: posix
gcc version 5.4.0 20160609 (Ubuntu 5.4.0-6ubuntu1~16.04.11) 
Reading specs from /usr/lib/gcc/x86_64-linux-gnu/5/libgfortran.spec
rename spec lib to liborig
COLLECT_GCC_OPTIONS='-v' '-o' 'cmTC_1e042' '-shared-libgcc' '-mtune=generic' '-march=x86-64'
COMPILER_PATH=/usr/lib/gcc/x86_64-linux-gnu/5/:/usr/lib/gcc/x86_64-linux-gnu/5/:/usr/lib/gcc/x86_64-linux-gnu/:/usr/lib/gcc/x86_64-linux-gnu/5/:/usr/lib/gcc/x86_64-linux-gnu/
LIBRARY_PATH=/usr/lib/gcc/x86_64-linux-gnu/5/:/usr/lib/gcc/x86_64-linux-gnu/5/../../../x86_64-linux-gnu/:/usr/lib/gcc/x86_64-linux-gnu/5/../../../../lib/:/lib/x86_64-linux-gnu/:/lib/../lib/:/usr/lib/x86_64-linux-gnu/:/usr/lib/../lib/:/usr/lib/gcc/x86_64-linux-gnu/5/../../../:/lib/:/usr/lib/
COLLECT_GCC_OPTIONS='-v' '-o' 'cmTC_1e042' '-shared-libgcc' '-mtune=generic' '-march=x86-64'
 /usr/lib/gcc/x86_64-linux-gnu/5/collect2 -plugin /usr/lib/gcc/x86_64-linux-gnu/5/liblto_plugin.so -plugin-opt=/usr/lib/gcc/x86_64-linux-gnu/5/lto-wrapper -plugin-opt=-fresolution=/tmp/ccpfpupL.res -plugin-opt=-pass-through=-lgcc_s -plugin-opt=-pass-through=-lgcc -plugin-opt=-pass-through=-lquadmath -plugin-opt=-pass-through=-lm -plugin-opt=-pass-through=-lgcc_s -plugin-opt=-pass-through=-lgcc -plugin-opt=-pass-through=-lc -plugin-opt=-pass-through=-lgcc_s -plugin-opt=-pass-through=-lgcc --sysroot=/ --build-id --eh-frame-hdr -m elf_x86_64 --hash-style=gnu --as-needed -dynamic-linker /lib64/ld-linux-x86-64.so.2 -z relro -o cmTC_1e042 /usr/lib/gcc/x86_64-linux-gnu/5/../../../x86_64-linux-gnu/crt1.o /usr/lib/gcc/x86_64-linux-gnu/5/../../../x86_64-linux-gnu/crti.o /usr/lib/gcc/x86_64-linux-gnu/5/crtbegin.o -L/usr/lib/gcc/x86_64-linux-gnu/5 -L/usr/lib/gcc/x86_64-linux-gnu/5/../../../x86_64-linux-gnu -L/usr/lib/gcc/x86_64-linux-gnu/5/../../../../lib -L/lib/x86_64-linux-gnu -L/lib/../lib -L/usr/lib/x86_64-linux-gnu -L/usr/lib/../lib -L/usr/lib/gcc/x86_64-linux-gnu/5/../../.. CMakeFiles/cmTC_1e042.dir/CMakeFortranCompilerABI.F.o -lgfortran -lm -lgcc_s -lgcc -lquadmath -lm -lgcc_s -lgcc -lc -lgcc_s -lgcc /usr/lib/gcc/x86_64-linux-gnu/5/crtend.o /usr/lib/gcc/x86_64-linux-gnu/5/../../../x86_64-linux-gnu/crtn.o
make[1]: Leaving directory '/home/droid/Downloads/833fp/eigen-eigen-323c052e1731/build/CMakeFiles/CMakeTmp'


Parsed Fortran implicit link information from above output:
  link line regex: [^( *|.*[/\])(ld|([^/\]+-)?ld|collect2)[^/\]*( |$)]
  ignore line: [Change Dir: /home/droid/Downloads/833fp/eigen-eigen-323c052e1731/build/CMakeFiles/CMakeTmp]
  ignore line: []
  ignore line: [Run Build Command:"/usr/bin/make" "cmTC_1e042/fast"]
  ignore line: [/usr/bin/make -f CMakeFiles/cmTC_1e042.dir/build.make CMakeFiles/cmTC_1e042.dir/build]
  ignore line: [make[1]: Entering directory '/home/droid/Downloads/833fp/eigen-eigen-323c052e1731/build/CMakeFiles/CMakeTmp']
  ignore line: [Building Fortran object CMakeFiles/cmTC_1e042.dir/CMakeFortranCompilerABI.F.o]
  ignore line: [/usr/bin/gfortran     -c /usr/share/cmake-3.5/Modules/CMakeFortranCompilerABI.F -o CMakeFiles/cmTC_1e042.dir/CMakeFortranCompilerABI.F.o]
  ignore line: [Linking Fortran executable cmTC_1e042]
  ignore line: [/usr/bin/cmake -E cmake_link_script CMakeFiles/cmTC_1e042.dir/link.txt --verbose=1]
  ignore line: [/usr/bin/gfortran    -v   CMakeFiles/cmTC_1e042.dir/CMakeFortranCompilerABI.F.o  -o cmTC_1e042   ]
  ignore line: [Driving: /usr/bin/gfortran -v CMakeFiles/cmTC_1e042.dir/CMakeFortranCompilerABI.F.o -o cmTC_1e042 -l gfortran -l m -shared-libgcc]
  ignore line: [Using built-in specs.]
  ignore line: [COLLECT_GCC=/usr/bin/gfortran]
  ignore line: [COLLECT_LTO_WRAPPER=/usr/lib/gcc/x86_64-linux-gnu/5/lto-wrapper]
  ignore line: [Target: x86_64-linux-gnu]
  ignore line: [Configured with: ../src/configure -v --with-pkgversion='Ubuntu 5.4.0-6ubuntu1~16.04.11' --with-bugurl=file:///usr/share/doc/gcc-5/README.Bugs --enable-languages=c,ada,c++,java,go,d,fortran,objc,obj-c++ --prefix=/usr --program-suffix=-5 --enable-shared --enable-linker-build-id --libexecdir=/usr/lib --without-included-gettext --enable-threads=posix --libdir=/usr/lib --enable-nls --with-sysroot=/ --enable-clocale=gnu --enable-libstdcxx-debug --enable-libstdcxx-time=yes --with-default-libstdcxx-abi=new --enable-gnu-unique-object --disable-vtable-verify --enable-libmpx --enable-plugin --with-system-zlib --disable-browser-plugin --enable-java-awt=gtk --enable-gtk-cairo --with-java-home=/usr/lib/jvm/java-1.5.0-gcj-5-amd64/jre --enable-java-home --with-jvm-root-dir=/usr/lib/jvm/java-1.5.0-gcj-5-amd64 --with-jvm-jar-dir=/usr/lib/jvm-exports/java-1.5.0-gcj-5-amd64 --with-arch-directory=amd64 --with-ecj-jar=/usr/share/java/eclipse-ecj.jar --enable-objc-gc --enable-multiarch --disable-werror --with-arch-32=i686 --with-abi=m64 --with-multilib-list=m32,m64,mx32 --enable-multilib --with-tune=generic --enable-checking=release --build=x86_64-linux-gnu --host=x86_64-linux-gnu --target=x86_64-linux-gnu]
  ignore line: [Thread model: posix]
  ignore line: [gcc version 5.4.0 20160609 (Ubuntu 5.4.0-6ubuntu1~16.04.11) ]
  ignore line: [Reading specs from /usr/lib/gcc/x86_64-linux-gnu/5/libgfortran.spec]
  ignore line: [rename spec lib to liborig]
  ignore line: [COLLECT_GCC_OPTIONS='-v' '-o' 'cmTC_1e042' '-shared-libgcc' '-mtune=generic' '-march=x86-64']
  ignore line: [COMPILER_PATH=/usr/lib/gcc/x86_64-linux-gnu/5/:/usr/lib/gcc/x86_64-linux-gnu/5/:/usr/lib/gcc/x86_64-linux-gnu/:/usr/lib/gcc/x86_64-linux-gnu/5/:/usr/lib/gcc/x86_64-linux-gnu/]
  ignore line: [LIBRARY_PATH=/usr/lib/gcc/x86_64-linux-gnu/5/:/usr/lib/gcc/x86_64-linux-gnu/5/../../../x86_64-linux-gnu/:/usr/lib/gcc/x86_64-linux-gnu/5/../../../../lib/:/lib/x86_64-linux-gnu/:/lib/../lib/:/usr/lib/x86_64-linux-gnu/:/usr/lib/../lib/:/usr/lib/gcc/x86_64-linux-gnu/5/../../../:/lib/:/usr/lib/]
  ignore line: [COLLECT_GCC_OPTIONS='-v' '-o' 'cmTC_1e042' '-shared-libgcc' '-mtune=generic' '-march=x86-64']
  link line: [ /usr/lib/gcc/x86_64-linux-gnu/5/collect2 -plugin /usr/lib/gcc/x86_64-linux-gnu/5/liblto_plugin.so -plugin-opt=/usr/lib/gcc/x86_64-linux-gnu/5/lto-wrapper -plugin-opt=-fresolution=/tmp/ccpfpupL.res -plugin-opt=-pass-through=-lgcc_s -plugin-opt=-pass-through=-lgcc -plugin-opt=-pass-through=-lquadmath -plugin-opt=-pass-through=-lm -plugin-opt=-pass-through=-lgcc_s -plugin-opt=-pass-through=-lgcc -plugin-opt=-pass-through=-lc -plugin-opt=-pass-through=-lgcc_s -plugin-opt=-pass-through=-lgcc --sysroot=/ --build-id --eh-frame-hdr -m elf_x86_64 --hash-style=gnu --as-needed -dynamic-linker /lib64/ld-linux-x86-64.so.2 -z relro -o cmTC_1e042 /usr/lib/gcc/x86_64-linux-gnu/5/../../../x86_64-linux-gnu/crt1.o /usr/lib/gcc/x86_64-linux-gnu/5/../../../x86_64-linux-gnu/crti.o /usr/lib/gcc/x86_64-linux-gnu/5/crtbegin.o -L/usr/lib/gcc/x86_64-linux-gnu/5 -L/usr/lib/gcc/x86_64-linux-gnu/5/../../../x86_64-linux-gnu -L/usr/lib/gcc/x86_64-linux-gnu/5/../../../../lib -L/lib/x86_64-linux-gnu -L/lib/../lib -L/usr/lib/x86_64-linux-gnu -L/usr/lib/../lib -L/usr/lib/gcc/x86_64-linux-gnu/5/../../.. CMakeFiles/cmTC_1e042.dir/CMakeFortranCompilerABI.F.o -lgfortran -lm -lgcc_s -lgcc -lquadmath -lm -lgcc_s -lgcc -lc -lgcc_s -lgcc /usr/lib/gcc/x86_64-linux-gnu/5/crtend.o /usr/lib/gcc/x86_64-linux-gnu/5/../../../x86_64-linux-gnu/crtn.o]
    arg [/usr/lib/gcc/x86_64-linux-gnu/5/collect2] ==> ignore
    arg [-plugin] ==> ignore
    arg [/usr/lib/gcc/x86_64-linux-gnu/5/liblto_plugin.so] ==> ignore
    arg [-plugin-opt=/usr/lib/gcc/x86_64-linux-gnu/5/lto-wrapper] ==> ignore
    arg [-plugin-opt=-fresolution=/tmp/ccpfpupL.res] ==> ignore
    arg [-plugin-opt=-pass-through=-lgcc_s] ==> ignore
    arg [-plugin-opt=-pass-through=-lgcc] ==> ignore
    arg [-plugin-opt=-pass-through=-lquadmath] ==> ignore
    arg [-plugin-opt=-pass-through=-lm] ==> ignore
    arg [-plugin-opt=-pass-through=-lgcc_s] ==> ignore
    arg [-plugin-opt=-pass-through=-lgcc] ==> ignore
    arg [-plugin-opt=-pass-through=-lc] ==> ignore
    arg [-plugin-opt=-pass-through=-lgcc_s] ==> ignore
    arg [-plugin-opt=-pass-through=-lgcc] ==> ignore
    arg [--sysroot=/] ==> ignore
    arg [--build-id] ==> ignore
    arg [--eh-frame-hdr] ==> ignore
    arg [-m] ==> ignore
    arg [elf_x86_64] ==> ignore
    arg [--hash-style=gnu] ==> ignore
    arg [--as-needed] ==> ignore
    arg [-dynamic-linker] ==> ignore
    arg [/lib64/ld-linux-x86-64.so.2] ==> ignore
    arg [-zrelro] ==> ignore
    arg [-o] ==> ignore
    arg [cmTC_1e042] ==> ignore
    arg [/usr/lib/gcc/x86_64-linux-gnu/5/../../../x86_64-linux-gnu/crt1.o] ==> ignore
    arg [/usr/lib/gcc/x86_64-linux-gnu/5/../../../x86_64-linux-gnu/crti.o] ==> ignore
    arg [/usr/lib/gcc/x86_64-linux-gnu/5/crtbegin.o] ==> ignore
    arg [-L/usr/lib/gcc/x86_64-linux-gnu/5] ==> dir [/usr/lib/gcc/x86_64-linux-gnu/5]
    arg [-L/usr/lib/gcc/x86_64-linux-gnu/5/../../../x86_64-linux-gnu] ==> dir [/usr/lib/gcc/x86_64-linux-gnu/5/../../../x86_64-linux-gnu]
    arg [-L/usr/lib/gcc/x86_64-linux-gnu/5/../../../../lib] ==> dir [/usr/lib/gcc/x86_64-linux-gnu/5/../../../../lib]
    arg [-L/lib/x86_64-linux-gnu] ==> dir [/lib/x86_64-linux-gnu]
    arg [-L/lib/../lib] ==> dir [/lib/../lib]
    arg [-L/usr/lib/x86_64-linux-gnu] ==> dir [/usr/lib/x86_64-linux-gnu]
    arg [-L/usr/lib/../lib] ==> dir [/usr/lib/../lib]
    arg [-L/usr/lib/gcc/x86_64-linux-gnu/5/../../..] ==> dir [/usr/lib/gcc/x86_64-linux-gnu/5/../../..]
    arg [CMakeFiles/cmTC_1e042.dir/CMakeFortranCompilerABI.F.o] ==> ignore
    arg [-lgfortran] ==> lib [gfortran]
    arg [-lm] ==> lib [m]
    arg [-lgcc_s] ==> lib [gcc_s]
    arg [-lgcc] ==> lib [gcc]
    arg [-lquadmath] ==> lib [quadmath]
    arg [-lm] ==> lib [m]
    arg [-lgcc_s] ==> lib [gcc_s]
    arg [-lgcc] ==> lib [gcc]
    arg [-lc] ==> lib [c]
    arg [-lgcc_s] ==> lib [gcc_s]
    arg [-lgcc] ==> lib [gcc]
    arg [/usr/lib/gcc/x86_64-linux-gnu/5/crtend.o] ==> ignore
    arg [/usr/lib/gcc/x86_64-linux-gnu/5/../../../x86_64-linux-gnu/crtn.o] ==> ignore
  remove lib [gcc_s]
  remove lib [gcc]
  remove lib [gcc_s]
  remove lib [gcc]
  remove lib [gcc_s]
  remove lib [gcc]
  collapse library dir [/usr/lib/gcc/x86_64-linux-gnu/5] ==> [/usr/lib/gcc/x86_64-linux-gnu/5]
  collapse library dir [/usr/lib/gcc/x86_64-linux-gnu/5/../../../x86_64-linux-gnu] ==> [/usr/lib/x86_64-linux-gnu]
  collapse library dir [/usr/lib/gcc/x86_64-linux-gnu/5/../../../../lib] ==> [/usr/lib]
  collapse library dir [/lib/x86_64-linux-gnu] ==> [/lib/x86_64-linux-gnu]
  collapse library dir [/lib/../lib] ==> [/lib]
  collapse library dir [/usr/lib/x86_64-linux-gnu] ==> [/usr/lib/x86_64-linux-gnu]
  collapse library dir [/usr/lib/../lib] ==> [/usr/lib]
  collapse library dir [/usr/lib/gcc/x86_64-linux-gnu/5/../../..] ==> [/usr/lib]
  implicit libs: [gfortran;m;quadmath;m;c]
  implicit dirs: [/usr/lib/gcc/x86_64-linux-gnu/5;/usr/lib/x86_64-linux-gnu;/usr/lib;/lib/x86_64-linux-gnu;/lib]
  implicit fwks: []


Determining if the Fortran compiler supports Fortran 90 passed with the following output:
Change Dir: /home/droid/Downloads/833fp/eigen-eigen-323c052e1731/build/CMakeFiles/CMakeTmp

Run Build Command:"/usr/bin/make" "cmTC_a2783/fast"
/usr/bin/make -f CMakeFiles/cmTC_a2783.dir/build.make CMakeFiles/cmTC_a2783.dir/build
make[1]: Entering directory '/home/droid/Downloads/833fp/eigen-eigen-323c052e1731/build/CMakeFiles/CMakeTmp'
Building Fortran object CMakeFiles/cmTC_a2783.dir/testFortranCompilerF90.f90.o
/usr/bin/gfortran     -c /home/droid/Downloads/833fp/eigen-eigen-323c052e1731/build/CMakeFiles/CMakeTmp/testFortranCompilerF90.f90 -o CMakeFiles/cmTC_a2783.dir/testFortranCompilerF90.f90.o
Linking Fortran executable cmTC_a2783
/usr/bin/cmake -E cmake_link_script CMakeFiles/cmTC_a2783.dir/link.txt --verbose=1
/usr/bin/gfortran       CMakeFiles/cmTC_a2783.dir/testFortranCompilerF90.f90.o  -o cmTC_a2783  
make[1]: Leaving directory '/home/droid/Downloads/833fp/eigen-eigen-323c052e1731/build/CMakeFiles/CMakeTmp'


Performing C++ SOURCE FILE Test COMPILER_SUPPORT_FASTMATH succeeded with the following output:
Change Dir: /home/droid/Downloads/833fp/eigen-eigen-323c052e1731/build/CMakeFiles/CMakeTmp

Run Build Command:"/usr/bin/make" "cmTC_2d46e/fast"
/usr/bin/make -f CMakeFiles/cmTC_2d46e.dir/build.make CMakeFiles/cmTC_2d46e.dir/build
make[1]: Entering directory '/home/droid/Downloads/833fp/eigen-eigen-323c052e1731/build/CMakeFiles/CMakeTmp'
Building CXX object CMakeFiles/cmTC_2d46e.dir/src.cxx.o
/usr/bin/c++     -std=c++03 -pedantic -Wall -Wextra -Wundef -Wcast-align -Wchar-subscripts -Wnon-virtual-dtor -Wunused-local-typedefs -Wpointer-arith -Wwrite-strings -Wformat-security -Wlogical-op -Wdouble-promotion -Wno-psabi -Wno-variadic-macros -Wno-long-long -fno-check-new -fno-common -fstrict-aliasing -ansi -DCOMPILER_SUPPORT_FASTMATH   -ffast-math -o CMakeFiles/cmTC_2d46e.dir/src.cxx.o -c /home/droid/Downloads/833fp/eigen-eigen-323c052e1731/build/CMakeFiles/CMakeTmp/src.cxx
Linking CXX executable cmTC_2d46e
/usr/bin/cmake -E cmake_link_script CMakeFiles/cmTC_2d46e.dir/link.txt --verbose=1
/usr/bin/c++    -std=c++03 -pedantic -Wall -Wextra -Wundef -Wcast-align -Wchar-subscripts -Wnon-virtual-dtor -Wunused-local-typedefs -Wpointer-arith -Wwrite-strings -Wformat-security -Wlogical-op -Wdouble-promotion -Wno-psabi -Wno-variadic-macros -Wno-long-long -fno-check-new -fno-common -fstrict-aliasing -ansi -DCOMPILER_SUPPORT_FASTMATH    CMakeFiles/cmTC_2d46e.dir/src.cxx.o  -o cmTC_2d46e -rdynamic 
make[1]: Leaving directory '/home/droid/Downloads/833fp/eigen-eigen-323c052e1731/build/CMakeFiles/CMakeTmp'

Source file was:
int main() { return 0; }
Determining if the include file pthread.h exists passed with the following output:
Change Dir: /home/droid/Downloads/833fp/eigen-eigen-323c052e1731/build/CMakeFiles/CMakeTmp

Run Build Command:"/usr/bin/make" "cmTC_a5e88/fast"
/usr/bin/make -f CMakeFiles/cmTC_a5e88.dir/build.make CMakeFiles/cmTC_a5e88.dir/build
make[1]: Entering directory '/home/droid/Downloads/833fp/eigen-eigen-323c052e1731/build/CMakeFiles/CMakeTmp'
Building C object CMakeFiles/cmTC_a5e88.dir/CheckIncludeFile.c.o
/usr/bin/cc     -o CMakeFiles/cmTC_a5e88.dir/CheckIncludeFile.c.o   -c /home/droid/Downloads/833fp/eigen-eigen-323c052e1731/build/CMakeFiles/CMakeTmp/CheckIncludeFile.c
Linking C executable cmTC_a5e88
/usr/bin/cmake -E cmake_link_script CMakeFiles/cmTC_a5e88.dir/link.txt --verbose=1
/usr/bin/cc       CMakeFiles/cmTC_a5e88.dir/CheckIncludeFile.c.o  -o cmTC_a5e88 -rdynamic 
make[1]: Leaving directory '/home/droid/Downloads/833fp/eigen-eigen-323c052e1731/build/CMakeFiles/CMakeTmp'


Determining if the function pthread_create exists in the pthread passed with the following output:
Change Dir: /home/droid/Downloads/833fp/eigen-eigen-323c052e1731/build/CMakeFiles/CMakeTmp

Run Build Command:"/usr/bin/make" "cmTC_ef63a/fast"
/usr/bin/make -f CMakeFiles/cmTC_ef63a.dir/build.make CMakeFiles/cmTC_ef63a.dir/build
make[1]: Entering directory '/home/droid/Downloads/833fp/eigen-eigen-323c052e1731/build/CMakeFiles/CMakeTmp'
Building C object CMakeFiles/cmTC_ef63a.dir/CheckFunctionExists.c.o
/usr/bin/cc    -DCHECK_FUNCTION_EXISTS=pthread_create   -o CMakeFiles/cmTC_ef63a.dir/CheckFunctionExists.c.o   -c /usr/share/cmake-3.5/Modules/CheckFunctionExists.c
Linking C executable cmTC_ef63a
/usr/bin/cmake -E cmake_link_script CMakeFiles/cmTC_ef63a.dir/link.txt --verbose=1
/usr/bin/cc   -DCHECK_FUNCTION_EXISTS=pthread_create    CMakeFiles/cmTC_ef63a.dir/CheckFunctionExists.c.o  -o cmTC_ef63a -rdynamic -lpthread 
make[1]: Leaving directory '/home/droid/Downloads/833fp/eigen-eigen-323c052e1731/build/CMakeFiles/CMakeTmp'


