Performing C++ SOURCE FILE Test COMPILER_SUPPORT_Wshorten64to32 failed with the following output:
Change Dir: /home/droid/Downloads/833fp/FREAK-SLAM/eigen3/build/CMakeFiles/CMakeTmp

Run Build Command:"/usr/bin/make" "cmTC_8b5ee/fast"
/usr/bin/make -f CMakeFiles/cmTC_8b5ee.dir/build.make CMakeFiles/cmTC_8b5ee.dir/build
make[1]: Entering directory '/home/droid/Downloads/833fp/FREAK-SLAM/eigen3/build/CMakeFiles/CMakeTmp'
Building CXX object CMakeFiles/cmTC_8b5ee.dir/src.cxx.o
/usr/bin/c++     -std=c++03 -pedantic -Wall -Wextra -Wundef -Wcast-align -Wchar-subscripts -Wnon-virtual-dtor -Wunused-local-typedefs -Wpointer-arith -Wwrite-strings -Wformat-security -DCOMPILER_SUPPORT_Wshorten64to32 -Werror   -Wshorten-64-to-32 -o CMakeFiles/cmTC_8b5ee.dir/src.cxx.o -c /home/droid/Downloads/833fp/FREAK-SLAM/eigen3/build/CMakeFiles/CMakeTmp/src.cxx
c++: error: unrecognized command line option '-Wshorten-64-to-32'
CMakeFiles/cmTC_8b5ee.dir/build.make:65: recipe for target 'CMakeFiles/cmTC_8b5ee.dir/src.cxx.o' failed
make[1]: *** [CMakeFiles/cmTC_8b5ee.dir/src.cxx.o] Error 1
make[1]: Leaving directory '/home/droid/Downloads/833fp/FREAK-SLAM/eigen3/build/CMakeFiles/CMakeTmp'
Makefile:126: recipe for target 'cmTC_8b5ee/fast' failed
make: *** [cmTC_8b5ee/fast] Error 2

Source file was:
int main() { return 0; }
Performing C++ SOURCE FILE Test COMPILER_SUPPORT_Wenumconversion failed with the following output:
Change Dir: /home/droid/Downloads/833fp/FREAK-SLAM/eigen3/build/CMakeFiles/CMakeTmp

Run Build Command:"/usr/bin/make" "cmTC_1e08c/fast"
/usr/bin/make -f CMakeFiles/cmTC_1e08c.dir/build.make CMakeFiles/cmTC_1e08c.dir/build
make[1]: Entering directory '/home/droid/Downloads/833fp/FREAK-SLAM/eigen3/build/CMakeFiles/CMakeTmp'
Building CXX object CMakeFiles/cmTC_1e08c.dir/src.cxx.o
/usr/bin/c++     -std=c++03 -pedantic -Wall -Wextra -Wundef -Wcast-align -Wchar-subscripts -Wnon-virtual-dtor -Wunused-local-typedefs -Wpointer-arith -Wwrite-strings -Wformat-security -Wlogical-op -DCOMPILER_SUPPORT_Wenumconversion -Werror   -Wenum-conversion -o CMakeFiles/cmTC_1e08c.dir/src.cxx.o -c /home/droid/Downloads/833fp/FREAK-SLAM/eigen3/build/CMakeFiles/CMakeTmp/src.cxx
c++: error: unrecognized command line option '-Wenum-conversion'
CMakeFiles/cmTC_1e08c.dir/build.make:65: recipe for target 'CMakeFiles/cmTC_1e08c.dir/src.cxx.o' failed
make[1]: *** [CMakeFiles/cmTC_1e08c.dir/src.cxx.o] Error 1
make[1]: Leaving directory '/home/droid/Downloads/833fp/FREAK-SLAM/eigen3/build/CMakeFiles/CMakeTmp'
Makefile:126: recipe for target 'cmTC_1e08c/fast' failed
make: *** [cmTC_1e08c/fast] Error 2

Source file was:
int main() { return 0; }
Performing C++ SOURCE FILE Test COMPILER_SUPPORT_Wcpp11extensions failed with the following output:
Change Dir: /home/droid/Downloads/833fp/FREAK-SLAM/eigen3/build/CMakeFiles/CMakeTmp

Run Build Command:"/usr/bin/make" "cmTC_d4d09/fast"
/usr/bin/make -f CMakeFiles/cmTC_d4d09.dir/build.make CMakeFiles/cmTC_d4d09.dir/build
make[1]: Entering directory '/home/droid/Downloads/833fp/FREAK-SLAM/eigen3/build/CMakeFiles/CMakeTmp'
Building CXX object CMakeFiles/cmTC_d4d09.dir/src.cxx.o
/usr/bin/c++     -std=c++03 -pedantic -Wall -Wextra -Wundef -Wcast-align -Wchar-subscripts -Wnon-virtual-dtor -Wunused-local-typedefs -Wpointer-arith -Wwrite-strings -Wformat-security -Wlogical-op -DCOMPILER_SUPPORT_Wcpp11extensions -Werror   -Wc++11-extensions -o CMakeFiles/cmTC_d4d09.dir/src.cxx.o -c /home/droid/Downloads/833fp/FREAK-SLAM/eigen3/build/CMakeFiles/CMakeTmp/src.cxx
c++: error: unrecognized command line option '-Wc++11-extensions'
CMakeFiles/cmTC_d4d09.dir/build.make:65: recipe for target 'CMakeFiles/cmTC_d4d09.dir/src.cxx.o' failed
make[1]: *** [CMakeFiles/cmTC_d4d09.dir/src.cxx.o] Error 1
make[1]: Leaving directory '/home/droid/Downloads/833fp/FREAK-SLAM/eigen3/build/CMakeFiles/CMakeTmp'
Makefile:126: recipe for target 'cmTC_d4d09/fast' failed
make: *** [cmTC_d4d09/fast] Error 2

Source file was:
int main() { return 0; }
Performing C++ SOURCE FILE Test COMPILER_SUPPORT_wd981 failed with the following output:
Change Dir: /home/droid/Downloads/833fp/FREAK-SLAM/eigen3/build/CMakeFiles/CMakeTmp

Run Build Command:"/usr/bin/make" "cmTC_682e0/fast"
/usr/bin/make -f CMakeFiles/cmTC_682e0.dir/build.make CMakeFiles/cmTC_682e0.dir/build
make[1]: Entering directory '/home/droid/Downloads/833fp/FREAK-SLAM/eigen3/build/CMakeFiles/CMakeTmp'
Building CXX object CMakeFiles/cmTC_682e0.dir/src.cxx.o
/usr/bin/c++     -std=c++03 -pedantic -Wall -Wextra -Wundef -Wcast-align -Wchar-subscripts -Wnon-virtual-dtor -Wunused-local-typedefs -Wpointer-arith -Wwrite-strings -Wformat-security -Wlogical-op -Wdouble-promotion -Wshadow -Wno-psabi -Wno-variadic-macros -Wno-long-long -fno-check-new -fno-common -fstrict-aliasing -DCOMPILER_SUPPORT_wd981 -Werror   -wd981 -o CMakeFiles/cmTC_682e0.dir/src.cxx.o -c /home/droid/Downloads/833fp/FREAK-SLAM/eigen3/build/CMakeFiles/CMakeTmp/src.cxx
c++: error: unrecognized command line option '-wd981'
CMakeFiles/cmTC_682e0.dir/build.make:65: recipe for target 'CMakeFiles/cmTC_682e0.dir/src.cxx.o' failed
make[1]: *** [CMakeFiles/cmTC_682e0.dir/src.cxx.o] Error 1
make[1]: Leaving directory '/home/droid/Downloads/833fp/FREAK-SLAM/eigen3/build/CMakeFiles/CMakeTmp'
Makefile:126: recipe for target 'cmTC_682e0/fast' failed
make: *** [cmTC_682e0/fast] Error 2

Source file was:
int main() { return 0; }
Performing C++ SOURCE FILE Test COMPILER_SUPPORT_wd2304 failed with the following output:
Change Dir: /home/droid/Downloads/833fp/FREAK-SLAM/eigen3/build/CMakeFiles/CMakeTmp

Run Build Command:"/usr/bin/make" "cmTC_8c322/fast"
/usr/bin/make -f CMakeFiles/cmTC_8c322.dir/build.make CMakeFiles/cmTC_8c322.dir/build
make[1]: Entering directory '/home/droid/Downloads/833fp/FREAK-SLAM/eigen3/build/CMakeFiles/CMakeTmp'
Building CXX object CMakeFiles/cmTC_8c322.dir/src.cxx.o
/usr/bin/c++     -std=c++03 -pedantic -Wall -Wextra -Wundef -Wcast-align -Wchar-subscripts -Wnon-virtual-dtor -Wunused-local-typedefs -Wpointer-arith -Wwrite-strings -Wformat-security -Wlogical-op -Wdouble-promotion -Wshadow -Wno-psabi -Wno-variadic-macros -Wno-long-long -fno-check-new -fno-common -fstrict-aliasing -DCOMPILER_SUPPORT_wd2304 -Werror   -wd2304 -o CMakeFiles/cmTC_8c322.dir/src.cxx.o -c /home/droid/Downloads/833fp/FREAK-SLAM/eigen3/build/CMakeFiles/CMakeTmp/src.cxx
c++: error: unrecognized command line option '-wd2304'
CMakeFiles/cmTC_8c322.dir/build.make:65: recipe for target 'CMakeFiles/cmTC_8c322.dir/src.cxx.o' failed
make[1]: *** [CMakeFiles/cmTC_8c322.dir/src.cxx.o] Error 1
make[1]: Leaving directory '/home/droid/Downloads/833fp/FREAK-SLAM/eigen3/build/CMakeFiles/CMakeTmp'
Makefile:126: recipe for target 'cmTC_8c322/fast' failed
make: *** [cmTC_8c322/fast] Error 2

Source file was:
int main() { return 0; }
Performing C++ SOURCE FILE Test COMPILER_SUPPORT_STRICTANSI failed with the following output:
Change Dir: /home/droid/Downloads/833fp/FREAK-SLAM/eigen3/build/CMakeFiles/CMakeTmp

Run Build Command:"/usr/bin/make" "cmTC_63891/fast"
/usr/bin/make -f CMakeFiles/cmTC_63891.dir/build.make CMakeFiles/cmTC_63891.dir/build
make[1]: Entering directory '/home/droid/Downloads/833fp/FREAK-SLAM/eigen3/build/CMakeFiles/CMakeTmp'
Building CXX object CMakeFiles/cmTC_63891.dir/src.cxx.o
/usr/bin/c++     -std=c++03 -pedantic -Wall -Wextra -Wundef -Wcast-align -Wchar-subscripts -Wnon-virtual-dtor -Wunused-local-typedefs -Wpointer-arith -Wwrite-strings -Wformat-security -Wlogical-op -Wdouble-promotion -Wshadow -Wno-psabi -Wno-variadic-macros -Wno-long-long -fno-check-new -fno-common -fstrict-aliasing -DCOMPILER_SUPPORT_STRICTANSI -Werror   -strict-ansi -o CMakeFiles/cmTC_63891.dir/src.cxx.o -c /home/droid/Downloads/833fp/FREAK-SLAM/eigen3/build/CMakeFiles/CMakeTmp/src.cxx
c++: error: unrecognized command line option '-strict-ansi'
CMakeFiles/cmTC_63891.dir/build.make:65: recipe for target 'CMakeFiles/cmTC_63891.dir/src.cxx.o' failed
make[1]: *** [CMakeFiles/cmTC_63891.dir/src.cxx.o] Error 1
make[1]: Leaving directory '/home/droid/Downloads/833fp/FREAK-SLAM/eigen3/build/CMakeFiles/CMakeTmp'
Makefile:126: recipe for target 'cmTC_63891/fast' failed
make: *** [cmTC_63891/fast] Error 2

Source file was:
int main() { return 0; }
Performing C++ SOURCE FILE Test COMPILER_SUPPORT_Qunusedarguments failed with the following output:
Change Dir: /home/droid/Downloads/833fp/FREAK-SLAM/eigen3/build/CMakeFiles/CMakeTmp

Run Build Command:"/usr/bin/make" "cmTC_5653d/fast"
/usr/bin/make -f CMakeFiles/cmTC_5653d.dir/build.make CMakeFiles/cmTC_5653d.dir/build
make[1]: Entering directory '/home/droid/Downloads/833fp/FREAK-SLAM/eigen3/build/CMakeFiles/CMakeTmp'
Building CXX object CMakeFiles/cmTC_5653d.dir/src.cxx.o
/usr/bin/c++     -std=c++03 -pedantic -Wall -Wextra -Wundef -Wcast-align -Wchar-subscripts -Wnon-virtual-dtor -Wunused-local-typedefs -Wpointer-arith -Wwrite-strings -Wformat-security -Wlogical-op -Wdouble-promotion -Wshadow -Wno-psabi -Wno-variadic-macros -Wno-long-long -fno-check-new -fno-common -fstrict-aliasing -DCOMPILER_SUPPORT_Qunusedarguments -Werror   -Qunused-arguments -o CMakeFiles/cmTC_5653d.dir/src.cxx.o -c /home/droid/Downloads/833fp/FREAK-SLAM/eigen3/build/CMakeFiles/CMakeTmp/src.cxx
c++: error: unrecognized command line option '-Qunused-arguments'
CMakeFiles/cmTC_5653d.dir/build.make:65: recipe for target 'CMakeFiles/cmTC_5653d.dir/src.cxx.o' failed
make[1]: *** [CMakeFiles/cmTC_5653d.dir/src.cxx.o] Error 1
make[1]: Leaving directory '/home/droid/Downloads/833fp/FREAK-SLAM/eigen3/build/CMakeFiles/CMakeTmp'
Makefile:126: recipe for target 'cmTC_5653d/fast' failed
make: *** [cmTC_5653d/fast] Error 2

Source file was:
int main() { return 0; }
Determining if the pthread_create exist failed with the following output:
Change Dir: /home/droid/Downloads/833fp/FREAK-SLAM/eigen3/build/CMakeFiles/CMakeTmp

Run Build Command:"/usr/bin/make" "cmTC_7ab15/fast"
/usr/bin/make -f CMakeFiles/cmTC_7ab15.dir/build.make CMakeFiles/cmTC_7ab15.dir/build
make[1]: Entering directory '/home/droid/Downloads/833fp/FREAK-SLAM/eigen3/build/CMakeFiles/CMakeTmp'
Building C object CMakeFiles/cmTC_7ab15.dir/CheckSymbolExists.c.o
/usr/bin/cc     -o CMakeFiles/cmTC_7ab15.dir/CheckSymbolExists.c.o   -c /home/droid/Downloads/833fp/FREAK-SLAM/eigen3/build/CMakeFiles/CMakeTmp/CheckSymbolExists.c
Linking C executable cmTC_7ab15
/usr/bin/cmake -E cmake_link_script CMakeFiles/cmTC_7ab15.dir/link.txt --verbose=1
/usr/bin/cc       CMakeFiles/cmTC_7ab15.dir/CheckSymbolExists.c.o  -o cmTC_7ab15 -rdynamic 
CMakeFiles/cmTC_7ab15.dir/CheckSymbolExists.c.o: In function `main':
CheckSymbolExists.c:(.text+0x16): undefined reference to `pthread_create'
collect2: error: ld returned 1 exit status
CMakeFiles/cmTC_7ab15.dir/build.make:97: recipe for target 'cmTC_7ab15' failed
make[1]: *** [cmTC_7ab15] Error 1
make[1]: Leaving directory '/home/droid/Downloads/833fp/FREAK-SLAM/eigen3/build/CMakeFiles/CMakeTmp'
Makefile:126: recipe for target 'cmTC_7ab15/fast' failed
make: *** [cmTC_7ab15/fast] Error 2

File /home/droid/Downloads/833fp/FREAK-SLAM/eigen3/build/CMakeFiles/CMakeTmp/CheckSymbolExists.c:
/* */
#include <pthread.h>

int main(int argc, char** argv)
{
  (void)argv;
#ifndef pthread_create
  return ((int*)(&pthread_create))[argc];
#else
  (void)argc;
  return 0;
#endif
}

Determining if the function pthread_create exists in the pthreads failed with the following output:
Change Dir: /home/droid/Downloads/833fp/FREAK-SLAM/eigen3/build/CMakeFiles/CMakeTmp

Run Build Command:"/usr/bin/make" "cmTC_603e6/fast"
/usr/bin/make -f CMakeFiles/cmTC_603e6.dir/build.make CMakeFiles/cmTC_603e6.dir/build
make[1]: Entering directory '/home/droid/Downloads/833fp/FREAK-SLAM/eigen3/build/CMakeFiles/CMakeTmp'
Building C object CMakeFiles/cmTC_603e6.dir/CheckFunctionExists.c.o
/usr/bin/cc    -DCHECK_FUNCTION_EXISTS=pthread_create   -o CMakeFiles/cmTC_603e6.dir/CheckFunctionExists.c.o   -c /usr/share/cmake-3.5/Modules/CheckFunctionExists.c
Linking C executable cmTC_603e6
/usr/bin/cmake -E cmake_link_script CMakeFiles/cmTC_603e6.dir/link.txt --verbose=1
/usr/bin/cc   -DCHECK_FUNCTION_EXISTS=pthread_create    CMakeFiles/cmTC_603e6.dir/CheckFunctionExists.c.o  -o cmTC_603e6 -rdynamic -lpthreads 
/usr/bin/ld: cannot find -lpthreads
collect2: error: ld returned 1 exit status
CMakeFiles/cmTC_603e6.dir/build.make:97: recipe for target 'cmTC_603e6' failed
make[1]: *** [cmTC_603e6] Error 1
make[1]: Leaving directory '/home/droid/Downloads/833fp/FREAK-SLAM/eigen3/build/CMakeFiles/CMakeTmp'
Makefile:126: recipe for target 'cmTC_603e6/fast' failed
make: *** [cmTC_603e6/fast] Error 2


